TpTrace Verbose: 0 : 17192, 1, 2023/08/19, 13:05:43.124, 500381597072, datacollector.dll, Version: 17.4.0-release-20221019-01
TpTrace Information: 0 : 17192, 1, 2023/08/19, 13:05:43.132, 500381674499, datacollector.dll, DataCollectorMain.Run: Starting data collector run with args: --port,57603,--parentprocessid,21636,--diag,C:\Users\Shakhriyor_Toylokov\Source\Repos\NewRepo2\FizzBuzz\FizzBuzzTests\bin\Debug\netcoreapp3.1\fine-code-coverage\coverage-tool-output\diagnostics.datacollector.23-08-19_13-05-42_90855_1.log,--tracelevel,4
TpTrace Information: 0 : 17192, 1, 2023/08/19, 13:05:43.169, 500382052599, datacollector.dll, DataCollector: Monitoring parent process with id: '21636'
TpTrace Information: 0 : 17192, 1, 2023/08/19, 13:05:43.179, 500382145490, datacollector.dll, Trying to connect to server on socket : 127.0.0.1:57603 
TpTrace Verbose: 0 : 17192, 1, 2023/08/19, 13:05:43.196, 500382323149, datacollector.dll, SocketCommunicationManager : SetupClientAsync : Attempting to connect to the server.
TpTrace Information: 0 : 17192, 8, 2023/08/19, 13:05:43.209, 500382452008, datacollector.dll, Connected to the server successfully 
TpTrace Information: 0 : 17192, 8, 2023/08/19, 13:05:43.209, 500382454164, datacollector.dll, Using the buffer size of 16384 bytes
TpTrace Information: 0 : 17192, 1, 2023/08/19, 13:05:43.317, 500383527450, datacollector.dll, DataCollector: Start Request Processing.
TpTrace Verbose: 0 : 17192, 1, 2023/08/19, 13:05:43.317, 500383530145, datacollector.dll, SocketCommunicationManager.WaitForServerConnection took: 0 ms, with 90000 ms timeout, and finished with True.
TpTrace Information: 0 : 17192, 1, 2023/08/19, 13:05:43.317, 500383533628, datacollector.dll, DataCollectionRequestHandler.ProcessRequests: Datacollector received message: (DataCollection.BeforeTestRunStart) -> {"MessageType":"DataCollection.BeforeTestRunStart","Payload":{"SettingsXml":"<RunSettings><RunConfiguration><ResultsDirectory>C:\\Users\\Shakhriyor_Toylokov\\Source\\Repos\\NewRepo2\\FizzBuzz\\FizzBuzzTests\\bin\\Debug\\netcoreapp3.1\\fine-code-coverage\\coverage-tool-output</ResultsDirectory><TargetPlatform>X64</TargetPlatform><TargetFrameworkVersion>.NETCoreApp,Version=v3.1</TargetFrameworkVersion><DesignMode>False</DesignMode><CollectSourceInformation>False</CollectSourceInformation><TestAdaptersPaths>C:\\Program Files\\dotnet\\sdk\\7.0.100\\Extensions</TestAdaptersPaths></RunConfiguration><LoggerRunSettings><Loggers><Logger friendlyName=\"blame\" enabled=\"True\" /><Logger friendlyName=\"Console\" uri=\"logger://microsoft/TestPlatform/ConsoleLogger/v1\" assemblyQualifiedName=\"Microsoft.VisualStudio.TestPlatform.CommandLine.Internal.ConsoleLogger, vstest.console, Version=15.0.0.0, Culture=neutral, PublicKeyToken=b03f5f7f11d50a3a\" codeBase=\"C:\\Program Files\\dotnet\\sdk\\7.0.100\\vstest.console.dll\" enabled=\"True\" /></Loggers></LoggerRunSettings><DataCollectionRunSettings><DataCollectors><DataCollector friendlyName=\"blame\" enabled=\"True\"><Configuration><ResultsDirectory>C:\\Users\\Shakhriyor_Toylokov\\Source\\Repos\\NewRepo2\\FizzBuzz\\FizzBuzzTests\\bin\\Debug\\netcoreapp3.1\\fine-code-coverage\\coverage-tool-output</ResultsDirectory></Configuration></DataCollector></DataCollectors></DataCollectionRunSettings></RunSettings>","Sources":["C:\\Users\\Shakhriyor_Toylokov\\Source\\Repos\\NewRepo2\\FizzBuzz\\FizzBuzzTests\\bin\\Debug\\netcoreapp3.1\\fine-code-coverage\\build-output\\FizzBuzzTests.dll"],"IsTelemetryOptedIn":false}}
TpTrace Verbose: 0 : 17192, 1, 2023/08/19, 13:05:43.360, 500383964481, datacollector.dll, TestPluginCache: Update extensions started. Skip filter = False
TpTrace Verbose: 0 : 17192, 1, 2023/08/19, 13:05:43.361, 500383973982, datacollector.dll, TestPluginCache: Using directories for assembly resolution 'C:\Program Files\dotnet\sdk\7.0.100\Extensions'.
TpTrace Verbose: 0 : 17192, 1, 2023/08/19, 13:05:43.362, 500383974978, datacollector.dll, TestPluginCache: Updated the available extensions to 'C:\Program Files\dotnet\sdk\7.0.100\Extensions\Microsoft.TestPlatform.Extensions.BlameDataCollector.dll,C:\Program Files\dotnet\sdk\7.0.100\Extensions\Microsoft.TestPlatform.Extensions.EventLogCollector.dll'.
TpTrace Verbose: 0 : 17192, 1, 2023/08/19, 13:05:43.370, 500384057839, datacollector.dll, TestPluginCache.DiscoverTestExtensions: finding test extensions in assemblies ends with: Collector.dll TPluginInfo: Microsoft.VisualStudio.TestPlatform.Common.DataCollector.DataCollectorConfig TExtension: Microsoft.VisualStudio.TestPlatform.ObjectModel.DataCollection.DataCollector
TpTrace Verbose: 0 : 17192, 1, 2023/08/19, 13:05:43.370, 500384059969, datacollector.dll, TestPluginCache.GetExtensionPaths: Filtered extension paths: C:\Program Files\dotnet\sdk\7.0.100\Extensions\Microsoft.TestPlatform.Extensions.BlameDataCollector.dll
C:\Program Files\dotnet\sdk\7.0.100\Extensions\Microsoft.TestPlatform.Extensions.EventLogCollector.dll
TpTrace Verbose: 0 : 17192, 1, 2023/08/19, 13:05:43.370, 500384060405, datacollector.dll, TestPluginCache.GetExtensionPaths: Added default extension paths: 
TpTrace Verbose: 0 : 17192, 1, 2023/08/19, 13:05:43.370, 500384060776, datacollector.dll, TestPluginCache.GetExtensionPaths: Added unfilterableExtensionPaths: 
TpTrace Information: 0 : 17192, 1, 2023/08/19, 13:05:43.371, 500384067355, datacollector.dll, AssemblyResolver.ctor: Creating AssemblyResolver with searchDirectories C:\Program Files\dotnet\sdk\7.0.100\Extensions,C:\Program Files\dotnet\sdk\7.0.100
TpTrace Verbose: 0 : 17192, 1, 2023/08/19, 13:05:43.372, 500384077471, datacollector.dll, TestPluginCache.DiscoverTestExtensions: Discovering the extensions using extension path.
TpTrace Verbose: 0 : 17192, 1, 2023/08/19, 13:05:43.372, 500384079077, datacollector.dll, TestPluginCache.GetExtensionPaths: Filtered extension paths: C:\Program Files\dotnet\sdk\7.0.100\Extensions\Microsoft.TestPlatform.Extensions.BlameDataCollector.dll
C:\Program Files\dotnet\sdk\7.0.100\Extensions\Microsoft.TestPlatform.Extensions.EventLogCollector.dll
TpTrace Verbose: 0 : 17192, 1, 2023/08/19, 13:05:43.372, 500384079508, datacollector.dll, TestPluginCache.GetExtensionPaths: Added default extension paths: 
TpTrace Verbose: 0 : 17192, 1, 2023/08/19, 13:05:43.372, 500384079788, datacollector.dll, TestPluginCache.GetExtensionPaths: Added unfilterableExtensionPaths: 
TpTrace Verbose: 0 : 17192, 1, 2023/08/19, 13:05:43.372, 500384080230, datacollector.dll, TestPluginCache.DiscoverTestExtensions: Discovering the extensions using allExtensionPaths: C:\Program Files\dotnet\sdk\7.0.100\Extensions\Microsoft.TestPlatform.Extensions.BlameDataCollector.dll
C:\Program Files\dotnet\sdk\7.0.100\Extensions\Microsoft.TestPlatform.Extensions.EventLogCollector.dll
TpTrace Information: 0 : 17192, 1, 2023/08/19, 13:05:43.372, 500384080857, datacollector.dll, AssemblyResolver.AddSearchDirectories: Adding more searchDirectories C:\Program Files\dotnet\sdk\7.0.100\Extensions,C:\Program Files\dotnet\sdk\7.0.100
TpTrace Information: 0 : 17192, 1, 2023/08/19, 13:05:43.372, 500384081269, datacollector.dll, AssemblyResolver.AddSearchDirectories: Adding more searchDirectories C:\Program Files\dotnet\sdk\7.0.100\Extensions,C:\Program Files\dotnet\sdk\7.0.100
TpTrace Information: 0 : 17192, 1, 2023/08/19, 13:05:43.373, 500384085132, datacollector.dll, AssemblyResolver.OnResolve: Microsoft.TestPlatform.Extensions.BlameDataCollector: Resolving assembly.
TpTrace Information: 0 : 17192, 1, 2023/08/19, 13:05:43.373, 500384085760, datacollector.dll, AssemblyResolver.OnResolve: Microsoft.TestPlatform.Extensions.BlameDataCollector: Searching in: 'C:\Program Files\dotnet\sdk\7.0.100\Extensions'.
TpTrace Information: 0 : 17192, 1, 2023/08/19, 13:05:43.384, 500384195776, datacollector.dll, AssemblyResolver.OnResolve: Microsoft.TestPlatform.Extensions.BlameDataCollector: Loading assembly 'C:\Program Files\dotnet\sdk\7.0.100\Extensions\Microsoft.TestPlatform.Extensions.BlameDataCollector.dll'.
TpTrace Information: 0 : 17192, 1, 2023/08/19, 13:05:43.385, 500384208561, datacollector.dll, AssemblyResolver.OnResolve: Resolved assembly: Microsoft.TestPlatform.Extensions.BlameDataCollector, from path: C:\Program Files\dotnet\sdk\7.0.100\Extensions\Microsoft.TestPlatform.Extensions.BlameDataCollector.dll
TpTrace Verbose: 0 : 17192, 1, 2023/08/19, 13:05:43.386, 500384223788, datacollector.dll, MetadataReaderExtensionsHelper: Discovering extensions inside assembly 'Microsoft.TestPlatform.Extensions.BlameDataCollector, Version=15.0.0.0, Culture=neutral, PublicKeyToken=b03f5f7f11d50a3a' file path 'C:\Program Files\dotnet\sdk\7.0.100\Extensions\Microsoft.TestPlatform.Extensions.BlameDataCollector.dll'
TpTrace Error: 0 : 17192, 1, 2023/08/19, 13:05:43.390, 500384263075, datacollector.dll, The type "Microsoft.TestPlatform.Extensions.BlameDataCollector.BlameCollector" defined in "Microsoft.TestPlatform.Extensions.BlameDataCollector.dll" does not have ExtensionUri attribute.
TpTrace Information: 0 : 17192, 1, 2023/08/19, 13:05:43.391, 500384271759, datacollector.dll, GetTestExtensionFromType: Register extension with identifier data 'datacollector://microsoft/TestPlatform/Extensions/Blame/v1' and type 'Microsoft.TestPlatform.Extensions.BlameDataCollector.BlameCollector, Microsoft.TestPlatform.Extensions.BlameDataCollector, Version=15.0.0.0, Culture=neutral, PublicKeyToken=b03f5f7f11d50a3a' inside file 'C:\Program Files\dotnet\sdk\7.0.100\Extensions\Microsoft.TestPlatform.Extensions.BlameDataCollector.dll'
TpTrace Information: 0 : 17192, 1, 2023/08/19, 13:05:43.391, 500384272962, datacollector.dll, AssemblyResolver.OnResolve: Microsoft.TestPlatform.Extensions.EventLogCollector: Resolving assembly.
TpTrace Information: 0 : 17192, 1, 2023/08/19, 13:05:43.391, 500384273407, datacollector.dll, AssemblyResolver.OnResolve: Microsoft.TestPlatform.Extensions.EventLogCollector: Searching in: 'C:\Program Files\dotnet\sdk\7.0.100\Extensions'.
TpTrace Information: 0 : 17192, 1, 2023/08/19, 13:05:43.392, 500384277429, datacollector.dll, AssemblyResolver.OnResolve: Microsoft.TestPlatform.Extensions.EventLogCollector: Loading assembly 'C:\Program Files\dotnet\sdk\7.0.100\Extensions\Microsoft.TestPlatform.Extensions.EventLogCollector.dll'.
TpTrace Information: 0 : 17192, 1, 2023/08/19, 13:05:43.393, 500384284668, datacollector.dll, AssemblyResolver.OnResolve: Resolved assembly: Microsoft.TestPlatform.Extensions.EventLogCollector, from path: C:\Program Files\dotnet\sdk\7.0.100\Extensions\Microsoft.TestPlatform.Extensions.EventLogCollector.dll
TpTrace Verbose: 0 : 17192, 1, 2023/08/19, 13:05:43.393, 500384285666, datacollector.dll, MetadataReaderExtensionsHelper: Discovering extensions inside assembly 'Microsoft.TestPlatform.Extensions.EventLogCollector, Version=15.0.0.0, Culture=neutral, PublicKeyToken=b03f5f7f11d50a3a' file path 'C:\Program Files\dotnet\sdk\7.0.100\Extensions\Microsoft.TestPlatform.Extensions.EventLogCollector.dll'
TpTrace Error: 0 : 17192, 1, 2023/08/19, 13:05:43.396, 500384318282, datacollector.dll, The type "Microsoft.TestPlatform.Extensions.EventLogCollector.EventLogDataCollector" defined in "Microsoft.TestPlatform.Extensions.EventLogCollector.dll" does not have ExtensionUri attribute.
TpTrace Information: 0 : 17192, 1, 2023/08/19, 13:05:43.396, 500384319944, datacollector.dll, GetTestExtensionFromType: Register extension with identifier data 'datacollector://microsoft/EventLog/2.0' and type 'Microsoft.TestPlatform.Extensions.EventLogCollector.EventLogDataCollector, Microsoft.TestPlatform.Extensions.EventLogCollector, Version=15.0.0.0, Culture=neutral, PublicKeyToken=b03f5f7f11d50a3a' inside file 'C:\Program Files\dotnet\sdk\7.0.100\Extensions\Microsoft.TestPlatform.Extensions.EventLogCollector.dll'
TpTrace Verbose: 0 : 17192, 1, 2023/08/19, 13:05:43.396, 500384322673, datacollector.dll, TestPluginCache: Discovered the extensions using extension path 'C:\Program Files\dotnet\sdk\7.0.100\Extensions\Microsoft.TestPlatform.Extensions.BlameDataCollector.dll,C:\Program Files\dotnet\sdk\7.0.100\Extensions\Microsoft.TestPlatform.Extensions.EventLogCollector.dll'.
TpTrace Verbose: 0 : 17192, 1, 2023/08/19, 13:05:43.396, 500384323189, datacollector.dll, TestPluginCache: Discoverers are ''.
TpTrace Verbose: 0 : 17192, 1, 2023/08/19, 13:05:43.396, 500384323472, datacollector.dll, TestPluginCache: Executors are ''.
TpTrace Verbose: 0 : 17192, 1, 2023/08/19, 13:05:43.396, 500384323836, datacollector.dll, TestPluginCache: Executors2 are ''.
TpTrace Verbose: 0 : 17192, 1, 2023/08/19, 13:05:43.396, 500384324161, datacollector.dll, TestPluginCache: Setting providers are ''.
TpTrace Verbose: 0 : 17192, 1, 2023/08/19, 13:05:43.396, 500384324427, datacollector.dll, TestPluginCache: Loggers are ''.
TpTrace Verbose: 0 : 17192, 1, 2023/08/19, 13:05:43.397, 500384324693, datacollector.dll, TestPluginCache: TestHosts are ''.
TpTrace Verbose: 0 : 17192, 1, 2023/08/19, 13:05:43.397, 500384326996, datacollector.dll, TestPluginCache: DataCollectors are 'datacollector://microsoft/TestPlatform/Extensions/Blame/v1,datacollector://microsoft/EventLog/2.0'.
TpTrace Information: 0 : 17192, 1, 2023/08/19, 13:05:43.398, 500384342109, datacollector.dll, TestPluginManager.CreateTestExtension: Attempting to load test extension: Microsoft.TestPlatform.Extensions.BlameDataCollector.BlameCollector
TpTrace Verbose: 0 : 17192, 1, 2023/08/19, 13:05:43.404, 500384396229, datacollector.dll, MulticastDelegateUtilities.SafeInvoke: DataCollectionEvents.SessionStart: Invoking callbacks was skipped because there are no subscribers.
TpTrace Information: 0 : 17192, 1, 2023/08/19, 13:05:43.404, 500384400640, datacollector.dll, Listening on Endpoint : 127.0.0.1:57607
TpTrace Information: 0 : 17192, 1, 2023/08/19, 13:05:43.414, 500384497555, datacollector.dll, DataCollectionRequestHandler.ProcessRequests : DataCollection started.
TpTrace Information: 0 : 17192, 1, 2023/08/19, 13:05:43.441, 500384766677, datacollector.dll, DataCollectionRequestHandler.ProcessRequests: Datacollector received message: (DataCollection.TestHostLaunched) -> {"MessageType":"DataCollection.TestHostLaunched","Payload":{"ProcessId":212}}
TpTrace Verbose: 0 : 17192, 1, 2023/08/19, 13:05:43.443, 500384793581, datacollector.dll, MulticastDelegateUtilities.SafeInvoke: DataCollectionEvents.TestHostLaunched: Invoking callback 1/1 for Microsoft.TestPlatform.Extensions.BlameDataCollector.BlameCollector., took 0 ms.
TpTrace Information: 0 : 17192, 6, 2023/08/19, 13:05:43.747, 500387826947, datacollector.dll, Using the buffer size of 16384 bytes
TpTrace Verbose: 0 : 17192, 8, 2023/08/19, 13:05:43.747, 500387827462, datacollector.dll, SocketCommunicationManager.WaitForClientConnection took: 337 ms, with 90000 ms timeout, and finished with True.
TpTrace Information: 0 : 17192, 6, 2023/08/19, 13:05:43.747, 500387828895, datacollector.dll, Accepted Client request and set the flag
TpTrace Information: 0 : 17192, 8, 2023/08/19, 13:05:44.410, 500394457166, datacollector.dll, DataCollectionTestCaseEventHandler: Test case starting.
TpTrace Information: 0 : 17192, 8, 2023/08/19, 13:05:44.425, 500394608308, datacollector.dll, BlameCollector.EventsTestCaseStart: Test Case Start
TpTrace Verbose: 0 : 17192, 8, 2023/08/19, 13:05:44.425, 500394611058, datacollector.dll, MulticastDelegateUtilities.SafeInvoke: DataCollectionEvents.TestCaseStart: Invoking callback 1/1 for Microsoft.TestPlatform.Extensions.BlameDataCollector.BlameCollector., took 0 ms.
TpTrace Information: 0 : 17192, 8, 2023/08/19, 13:05:44.425, 500394614221, datacollector.dll, DataCollectionTestCaseEventHandler: Test case 'check_FizzBuzz_ReturnsCorrectStrings - bb19ef79-d5f5-e0f5-2070-bd220f27bc1a' started.
TpTrace Information: 0 : 17192, 8, 2023/08/19, 13:05:44.442, 500394783841, datacollector.dll, DataCollectionTestCaseEventHandler: Test case completing.
TpTrace Information: 0 : 17192, 8, 2023/08/19, 13:05:44.447, 500394827913, datacollector.dll, BlameCollector.EventsTestCaseEnd: Test Case End
TpTrace Verbose: 0 : 17192, 8, 2023/08/19, 13:05:44.447, 500394830753, datacollector.dll, MulticastDelegateUtilities.SafeInvoke: DataCollectionEvents.TestCaseEnd: Invoking callback 1/1 for Microsoft.TestPlatform.Extensions.BlameDataCollector.BlameCollector., took 0 ms.
TpTrace Information: 0 : 17192, 8, 2023/08/19, 13:05:44.450, 500394863220, datacollector.dll, DataCollectionTestCaseEventHandler: Test case 'check_FizzBuzz_ReturnsCorrectStrings - bb19ef79-d5f5-e0f5-2070-bd220f27bc1a' completed
TpTrace Information: 0 : 17192, 8, 2023/08/19, 13:05:44.462, 500394979418, datacollector.dll, DataCollectionTestCaseEventHandler: Test case starting.
TpTrace Information: 0 : 17192, 8, 2023/08/19, 13:05:44.463, 500394990613, datacollector.dll, BlameCollector.EventsTestCaseStart: Test Case Start
TpTrace Verbose: 0 : 17192, 8, 2023/08/19, 13:05:44.463, 500394991884, datacollector.dll, MulticastDelegateUtilities.SafeInvoke: DataCollectionEvents.TestCaseStart: Invoking callback 1/1 for Microsoft.TestPlatform.Extensions.BlameDataCollector.BlameCollector., took 0 ms.
TpTrace Information: 0 : 17192, 8, 2023/08/19, 13:05:44.464, 500394994831, datacollector.dll, DataCollectionTestCaseEventHandler: Test case 'checkFizzBuzz_ThrowsException_WhenInvalidNumberGiven - 4a1fc106-f431-74d0-0f80-2b689289dd2f' started.
TpTrace Information: 0 : 17192, 8, 2023/08/19, 13:05:44.465, 500395005054, datacollector.dll, DataCollectionTestCaseEventHandler: Test case completing.
TpTrace Information: 0 : 17192, 8, 2023/08/19, 13:05:44.466, 500395015085, datacollector.dll, BlameCollector.EventsTestCaseEnd: Test Case End
TpTrace Verbose: 0 : 17192, 8, 2023/08/19, 13:05:44.466, 500395016085, datacollector.dll, MulticastDelegateUtilities.SafeInvoke: DataCollectionEvents.TestCaseEnd: Invoking callback 1/1 for Microsoft.TestPlatform.Extensions.BlameDataCollector.BlameCollector., took 0 ms.
TpTrace Information: 0 : 17192, 8, 2023/08/19, 13:05:44.466, 500395018748, datacollector.dll, DataCollectionTestCaseEventHandler: Test case 'checkFizzBuzz_ThrowsException_WhenInvalidNumberGiven - 4a1fc106-f431-74d0-0f80-2b689289dd2f' completed
TpTrace Information: 0 : 17192, 8, 2023/08/19, 13:05:44.485, 500395211850, datacollector.dll, DataCollectionTestCaseEventHandler: Test session ended
TpTrace Information: 0 : 17192, 1, 2023/08/19, 13:05:44.576, 500396117586, datacollector.dll, DataCollectionRequestHandler.ProcessRequests: Datacollector received message: (DataCollection.AfterTestRunEnd) -> {"MessageType":"DataCollection.AfterTestRunEnd","Payload":false}
TpTrace Information: 0 : 17192, 1, 2023/08/19, 13:05:44.577, 500396133979, datacollector.dll, Blame Collector: Session End
TpTrace Information: 0 : 17192, 1, 2023/08/19, 13:05:44.578, 500396135053, datacollector.dll, BlameCollector.CollectDumpAndAbortTesthost: Custom path to dump directory was provided via VSTEST_DUMP_PATH. Skipping attachment upload, the caller is responsible for collecting and uploading the dumps themselves.
TpTrace Verbose: 0 : 17192, 1, 2023/08/19, 13:05:44.578, 500396136195, datacollector.dll, MulticastDelegateUtilities.SafeInvoke: DataCollectionEvents.SessionEnd: Invoking callback 1/1 for Microsoft.TestPlatform.Extensions.BlameDataCollector.BlameCollector., took 0 ms.
TpTrace Information: 0 : 17192, 1, 2023/08/19, 13:05:44.579, 500396145171, datacollector.dll, DataCollectionManager.CleanupPlugins: CleanupPlugins called
TpTrace Verbose: 0 : 17192, 1, 2023/08/19, 13:05:44.579, 500396146021, datacollector.dll, DataCollectionManager.CleanupPlugins: Cleaning up 1 plugins
TpTrace Verbose: 0 : 17192, 1, 2023/08/19, 13:05:44.579, 500396147914, datacollector.dll, dataCollectorInfo.DisposeDataCollector: calling Dispose() on Microsoft.TestPlatform.Extensions.BlameDataCollector.BlameCollector
TpTrace Information: 0 : 17192, 1, 2023/08/19, 13:05:44.579, 500396148622, datacollector.dll, DataCollectionManager.CleanupPlugins: CleanupPlugins finished
TpTrace Information: 0 : 17192, 1, 2023/08/19, 13:05:44.585, 500396205926, datacollector.dll, DataCollectionRequestHandler.ProcessRequests : Session End message received from server. Closing the connection.
TpTrace Information: 0 : 17192, 1, 2023/08/19, 13:05:44.585, 500396208958, datacollector.dll, Closing the connection !
TpTrace Information: 0 : 17192, 1, 2023/08/19, 13:05:44.585, 500396209879, datacollector.dll, DataCollectionRequestHandler.ProcessRequests : DataCollection completed
TpTrace Information: 0 : 17192, 1, 2023/08/19, 13:05:44.585, 500396210279, datacollector.dll, Program.Main: exiting datacollector process.
