TpTrace Verbose: 0 : 10080, 1, 2023/08/19, 12:38:08.378, 483834138547, testhost.dll, Version: 17.3.2 Current process architecture: X64
TpTrace Verbose: 0 : 10080, 1, 2023/08/19, 12:38:08.381, 483834165373, testhost.dll, Runtime location: C:\Program Files\dotnet\shared\Microsoft.NETCore.App\3.1.31
TpTrace Information: 0 : 10080, 1, 2023/08/19, 12:38:08.383, 483834187150, testhost.dll, DefaultEngineInvoker.Invoke: Testhost process started with args :[--port, 56496],[--endpoint, 127.0.0.1:056496],[--role, client],[--parentprocessid, 20284],[--diag, C:\Users\Shakhriyor_Toylokov\source\repos\UnitTesting\FizzBuzzTests\bin\Debug\netcoreapp3.1\fine-code-coverage\coverage-tool-output\diagnostics.host.23-08-19_12-38-08_10075_7.log],[--tracelevel, 4],[--datacollectionport, 56495],[--telemetryoptedin, false]
TpTrace Information: 0 : 10080, 1, 2023/08/19, 12:38:08.424, 483834596923, testhost.dll, Setting up debug trace listener.
TpTrace Verbose: 0 : 10080, 1, 2023/08/19, 12:38:08.424, 483834600709, testhost.dll, TestPlatformTraceListener.Setup: Replacing listener System.Diagnostics.DefaultTraceListener with TestHostTraceListener.
TpTrace Verbose: 0 : 10080, 1, 2023/08/19, 12:38:08.424, 483834601860, testhost.dll, TestPlatformTraceListener.Setup: Added test platform trace listener.
TpTrace Information: 0 : 10080, 1, 2023/08/19, 12:38:08.425, 483834608889, testhost.dll, DefaultEngineInvoker.SetParentProcessExitCallback: Monitoring parent process with id: '20284'
TpTrace Information: 0 : 10080, 1, 2023/08/19, 12:38:08.432, 483834682876, testhost.dll, DefaultEngineInvoker.GetConnectionInfo: Initialize communication on endpoint address: '127.0.0.1:056496'
TpTrace Information: 0 : 10080, 1, 2023/08/19, 12:38:08.461, 483834967381, testhost.dll, SocketClient.Start: connecting to server endpoint: 127.0.0.1:056496
TpTrace Information: 0 : 10080, 1, 2023/08/19, 12:38:08.471, 483835069591, testhost.dll, DefaultEngineInvoker.ConnectToDatacollector: Connecting to datacollector, port: 56495
TpTrace Information: 0 : 10080, 5, 2023/08/19, 12:38:08.474, 483835101248, testhost.dll, SocketClient.OnServerConnected: connected to server endpoint: 127.0.0.1:056496
TpTrace Information: 0 : 10080, 1, 2023/08/19, 12:38:08.477, 483835126466, testhost.dll, Trying to connect to server on socket : 127.0.0.1:56495 
TpTrace Verbose: 0 : 10080, 1, 2023/08/19, 12:38:08.478, 483835134635, testhost.dll, SocketCommunicationManager : SetupClientAsync : Attempting to connect to the server.
TpTrace Verbose: 0 : 10080, 5, 2023/08/19, 12:38:08.479, 483835146320, testhost.dll, MulticastDelegateUtilities.SafeInvoke: SocketClient: ServerConnected: Invoking callback 1/1 for Microsoft.VisualStudio.TestPlatform.CommunicationUtilities.TestRequestHandler.<InitializeCommunication>b__31_0, took 0 ms.
TpTrace Verbose: 0 : 10080, 5, 2023/08/19, 12:38:08.479, 483835147117, testhost.dll, Connected to server, and starting MessageLoopAsync
TpTrace Information: 0 : 10080, 9, 2023/08/19, 12:38:08.481, 483835164973, testhost.dll, Connected to the server successfully 
TpTrace Information: 0 : 10080, 9, 2023/08/19, 12:38:08.481, 483835166384, testhost.dll, Using the buffer size of 16384 bytes
TpTrace Verbose: 0 : 10080, 1, 2023/08/19, 12:38:08.481, 483835168366, testhost.dll, SocketCommunicationManager.WaitForServerConnection took: 1 ms, with 90000 ms timeout, and finished with True.
TpTrace Information: 0 : 10080, 1, 2023/08/19, 12:38:08.481, 483835170965, testhost.dll, DefaultEngineInvoker.Invoke: Start Request Processing.
TpTrace Information: 0 : 10080, 13, 2023/08/19, 12:38:08.483, 483835186147, testhost.dll, DefaultEngineInvoker.StartProcessingAsync: Connected to vstest.console, Starting process requests.
TpTrace Verbose: 0 : 10080, 5, 2023/08/19, 12:38:08.483, 483835189770, testhost.dll, TcpClientExtensions.MessageLoopAsync: Polling on remoteEndPoint: [::ffff:127.0.0.1]:56496 localEndPoint: [::ffff:127.0.0.1]:56497
TpTrace Verbose: 0 : 10080, 5, 2023/08/19, 12:38:08.483, 483835194115, testhost.dll, TcpClientExtensions.MessageLoopAsync: NotifyDataAvailable remoteEndPoint: [::ffff:127.0.0.1]:56496 localEndPoint: [::ffff:127.0.0.1]:56497
TpTrace Information: 0 : 10080, 5, 2023/08/19, 12:38:08.488, 483835236303, testhost.dll, TestRequestHandler.OnMessageReceived: received message: (ProtocolVersion) -> {"MessageType":"ProtocolVersion","Payload":7}
TpTrace Verbose: 0 : 10080, 5, 2023/08/19, 12:38:08.653, 483836885719, testhost.dll, TestRequestHandler.SendData: sending data from testhost: {"Version":7,"MessageType":"TestSession.Message","Payload":{"MessageLevel":0,"Message":"Logging TestHost Diagnostics in file: C:\\Users\\Shakhriyor_Toylokov\\source\\repos\\UnitTesting\\FizzBuzzTests\\bin\\Debug\\netcoreapp3.1\\fine-code-coverage\\coverage-tool-output\\diagnostics.host.23-08-19_12-38-08_10075_7.log"}}
TpTrace Verbose: 0 : 10080, 5, 2023/08/19, 12:38:08.653, 483836888386, testhost.dll, MulticastDelegateUtilities.SafeInvoke: LengthPrefixCommunicationChannel: MessageReceived: Invoking callback 1/1 for Microsoft.VisualStudio.TestPlatform.CommunicationUtilities.TestRequestHandler.OnMessageReceived, took 167 ms.
TpTrace Verbose: 0 : 10080, 5, 2023/08/19, 12:38:08.653, 483836889046, testhost.dll, TcpClientExtensions.MessageLoopAsync: Polling on remoteEndPoint: [::ffff:127.0.0.1]:56496 localEndPoint: [::ffff:127.0.0.1]:56497
TpTrace Verbose: 0 : 10080, 5, 2023/08/19, 12:38:08.653, 483836889747, testhost.dll, TcpClientExtensions.MessageLoopAsync: NotifyDataAvailable remoteEndPoint: [::ffff:127.0.0.1]:56496 localEndPoint: [::ffff:127.0.0.1]:56497
TpTrace Information: 0 : 10080, 5, 2023/08/19, 12:38:08.653, 483836890637, testhost.dll, TestRequestHandler.OnMessageReceived: received message: (TestExecution.Initialize) -> {"Version":7,"MessageType":"TestExecution.Initialize","Payload":["C:\\Users\\Shakhriyor_Toylokov\\source\\repos\\UnitTesting\\FizzBuzzTests\\bin\\Debug\\netcoreapp3.1\\fine-code-coverage\\build-output\\NUnit3.TestAdapter.dll"]}
TpTrace Verbose: 0 : 10080, 5, 2023/08/19, 12:38:08.668, 483837035050, testhost.dll, MulticastDelegateUtilities.SafeInvoke: LengthPrefixCommunicationChannel: MessageReceived: Invoking callback 1/1 for Microsoft.VisualStudio.TestPlatform.CommunicationUtilities.TestRequestHandler.OnMessageReceived, took 14 ms.
TpTrace Verbose: 0 : 10080, 5, 2023/08/19, 12:38:08.668, 483837036647, testhost.dll, TcpClientExtensions.MessageLoopAsync: Polling on remoteEndPoint: [::ffff:127.0.0.1]:56496 localEndPoint: [::ffff:127.0.0.1]:56497
TpTrace Verbose: 0 : 10080, 5, 2023/08/19, 12:38:08.668, 483837037633, testhost.dll, TcpClientExtensions.MessageLoopAsync: NotifyDataAvailable remoteEndPoint: [::ffff:127.0.0.1]:56496 localEndPoint: [::ffff:127.0.0.1]:56497
TpTrace Information: 0 : 10080, 5, 2023/08/19, 12:38:08.668, 483837039331, testhost.dll, TestRequestHandler.OnMessageReceived: received message: (TestExecution.StartWithSources) -> {"Version":7,"MessageType":"TestExecution.StartWithSources","Payload":{"AdapterSourceMap":{"_none_":["C:\\Users\\Shakhriyor_Toylokov\\source\\repos\\UnitTesting\\FizzBuzzTests\\bin\\Debug\\netcoreapp3.1\\fine-code-coverage\\build-output\\FizzBuzzTests.dll"]},"RunSettings":"<RunSettings>\r\n  <RunConfiguration>\r\n    <ResultsDirectory>C:\\Users\\Shakhriyor_Toylokov\\source\\repos\\UnitTesting\\FizzBuzzTests\\bin\\Debug\\netcoreapp3.1\\fine-code-coverage\\coverage-tool-output</ResultsDirectory>\r\n    <TargetFrameworkVersion>.NETCoreApp,Version=v3.1</TargetFrameworkVersion>\r\n    <DesignMode>False</DesignMode>\r\n    <CollectSourceInformation>False</CollectSourceInformation>\r\n  </RunConfiguration>\r\n  <LoggerRunSettings>\r\n    <Loggers>\r\n      <Logger friendlyName=\"blame\" enabled=\"True\" />\r\n      <Logger friendlyName=\"Console\" uri=\"logger://microsoft/TestPlatform/ConsoleLogger/v1\" assemblyQualifiedName=\"Microsoft.VisualStudio.TestPlatform.CommandLine.Internal.ConsoleLogger, vstest.console, Version=15.0.0.0, Culture=neutral, PublicKeyToken=b03f5f7f11d50a3a\" codeBase=\"C:\\Program Files\\dotnet\\sdk\\7.0.100\\vstest.console.dll\" enabled=\"True\" />\r\n    </Loggers>\r\n  </LoggerRunSettings>\r\n  <DataCollectionRunSettings>\r\n    <DataCollectors>\r\n      <DataCollector friendlyName=\"blame\" enabled=\"True\">\r\n        <Configuration>\r\n          <ResultsDirectory>C:\\Users\\Shakhriyor_Toylokov\\source\\repos\\UnitTesting\\FizzBuzzTests\\bin\\Debug\\netcoreapp3.1\\fine-code-coverage\\coverage-tool-output</ResultsDirectory>\r\n        </Configuration>\r\n      </DataCollector>\r\n    </DataCollectors>\r\n  </DataCollectionRunSettings>\r\n</RunSettings>","TestExecutionContext":{"FrequencyOfRunStatsChangeEvent":10,"RunStatsChangeEventTimeout":"00:00:01.5000000","InIsolation":false,"KeepAlive":false,"AreTestCaseLevelEventsRequired":false,"IsDebug":false,"TestCaseFilter":null,"FilterOptions":null},"Package":null}}
TpTrace Information: 0 : 10080, 4, 2023/08/19, 12:38:08.668, 483837041893, testhost.dll, TestRequestHandler.OnMessageReceived: Running job 'TestExecution.Initialize'.
TpTrace Verbose: 0 : 10080, 4, 2023/08/19, 12:38:08.671, 483837068302, testhost.dll, TestExecutorService: Loading the extensions
TpTrace Verbose: 0 : 10080, 4, 2023/08/19, 12:38:08.672, 483837084396, testhost.dll, TestPluginCache.DiscoverTestExtensions: finding test extensions in assemblies ends with: TestAdapter.dll TPluginInfo: Microsoft.VisualStudio.TestPlatform.Common.ExtensionFramework.Utilities.TestExecutorPluginInformation TExtension: Microsoft.VisualStudio.TestPlatform.ObjectModel.Adapter.ITestExecutor
TpTrace Verbose: 0 : 10080, 4, 2023/08/19, 12:38:08.673, 483837092860, testhost.dll, TestPluginCache.GetExtensionPaths: Filtered extension paths: 
TpTrace Verbose: 0 : 10080, 4, 2023/08/19, 12:38:08.674, 483837096681, testhost.dll, TestPluginCache.GetExtensionPaths: Added default extension paths: C:\Users\Shakhriyor_Toylokov\source\repos\UnitTesting\FizzBuzzTests\bin\Debug\netcoreapp3.1\fine-code-coverage\build-output\NUnit3.TestAdapter.dll
TpTrace Verbose: 0 : 10080, 4, 2023/08/19, 12:38:08.674, 483837097228, testhost.dll, TestPluginCache.GetExtensionPaths: Added unfilterableExtensionPaths: 
TpTrace Information: 0 : 10080, 4, 2023/08/19, 12:38:08.676, 483837119146, testhost.dll, AssemblyResolver.ctor: Creating AssemblyResolver with searchDirectories C:\Users\Shakhriyor_Toylokov\source\repos\UnitTesting\FizzBuzzTests\bin\Debug\netcoreapp3.1\fine-code-coverage\build-output
TpTrace Verbose: 0 : 10080, 4, 2023/08/19, 12:38:08.679, 483837152205, testhost.dll, TestPluginCache.DiscoverTestExtensions: Discovering the extensions using extension path.
TpTrace Verbose: 0 : 10080, 4, 2023/08/19, 12:38:08.679, 483837153677, testhost.dll, TestPluginCache.GetExtensionPaths: Filtered extension paths: 
TpTrace Verbose: 0 : 10080, 4, 2023/08/19, 12:38:08.679, 483837154167, testhost.dll, TestPluginCache.GetExtensionPaths: Added default extension paths: C:\Users\Shakhriyor_Toylokov\source\repos\UnitTesting\FizzBuzzTests\bin\Debug\netcoreapp3.1\fine-code-coverage\build-output\NUnit3.TestAdapter.dll
TpTrace Verbose: 0 : 10080, 4, 2023/08/19, 12:38:08.680, 483837154548, testhost.dll, TestPluginCache.GetExtensionPaths: Added unfilterableExtensionPaths: 
TpTrace Verbose: 0 : 10080, 4, 2023/08/19, 12:38:08.680, 483837155404, testhost.dll, TestPluginCache.DiscoverTestExtensions: Discovering the extensions using allExtensionPaths: C:\Users\Shakhriyor_Toylokov\source\repos\UnitTesting\FizzBuzzTests\bin\Debug\netcoreapp3.1\fine-code-coverage\build-output\NUnit3.TestAdapter.dll
TpTrace Information: 0 : 10080, 4, 2023/08/19, 12:38:08.681, 483837169731, testhost.dll, AssemblyResolver.AddSearchDirectories: Adding more searchDirectories C:\Users\Shakhriyor_Toylokov\source\repos\UnitTesting\FizzBuzzTests\bin\Debug\netcoreapp3.1\fine-code-coverage\build-output
TpTrace Information: 0 : 10080, 4, 2023/08/19, 12:38:08.687, 483837225939, testhost.dll, AssemblyResolver.OnResolve: NUnit3.TestAdapter: Resolving assembly.
TpTrace Information: 0 : 10080, 4, 2023/08/19, 12:38:08.687, 483837227744, testhost.dll, AssemblyResolver.OnResolve: NUnit3.TestAdapter: Searching in: 'C:\Users\Shakhriyor_Toylokov\source\repos\UnitTesting\FizzBuzzTests\bin\Debug\netcoreapp3.1\fine-code-coverage\build-output'.
TpTrace Information: 0 : 10080, 4, 2023/08/19, 12:38:08.689, 483837244509, testhost.dll, AssemblyResolver.OnResolve: NUnit3.TestAdapter: Loading assembly 'C:\Users\Shakhriyor_Toylokov\source\repos\UnitTesting\FizzBuzzTests\bin\Debug\netcoreapp3.1\fine-code-coverage\build-output\NUnit3.TestAdapter.dll'.
TpTrace Information: 0 : 10080, 4, 2023/08/19, 12:38:08.690, 483837260848, testhost.dll, AssemblyResolver.OnResolve: Resolved assembly: NUnit3.TestAdapter, from path: C:\Users\Shakhriyor_Toylokov\source\repos\UnitTesting\FizzBuzzTests\bin\Debug\netcoreapp3.1\fine-code-coverage\build-output\NUnit3.TestAdapter.dll
TpTrace Verbose: 0 : 10080, 4, 2023/08/19, 12:38:08.709, 483837450944, testhost.dll, MetadataReaderExtensionsHelper: Discovering extensions inside assembly 'NUnit3.TestAdapter, Version=4.2.0.0, Culture=neutral, PublicKeyToken=4cb40d35494691ac' file path 'C:\Users\Shakhriyor_Toylokov\source\repos\UnitTesting\FizzBuzzTests\bin\Debug\netcoreapp3.1\fine-code-coverage\build-output\NUnit3.TestAdapter.dll'
TpTrace Verbose: 0 : 10080, 5, 2023/08/19, 12:38:08.713, 483837488686, testhost.dll, MulticastDelegateUtilities.SafeInvoke: LengthPrefixCommunicationChannel: MessageReceived: Invoking callback 1/1 for Microsoft.VisualStudio.TestPlatform.CommunicationUtilities.TestRequestHandler.OnMessageReceived, took 44 ms.
TpTrace Verbose: 0 : 10080, 5, 2023/08/19, 12:38:08.713, 483837490285, testhost.dll, TcpClientExtensions.MessageLoopAsync: Polling on remoteEndPoint: [::ffff:127.0.0.1]:56496 localEndPoint: [::ffff:127.0.0.1]:56497
TpTrace Information: 0 : 10080, 4, 2023/08/19, 12:38:08.723, 483837594490, testhost.dll, AssemblyResolver.OnResolve: nunit.engine.api: Resolving assembly.
TpTrace Information: 0 : 10080, 4, 2023/08/19, 12:38:08.724, 483837596695, testhost.dll, AssemblyResolver.OnResolve: nunit.engine.api: Searching in: 'C:\Users\Shakhriyor_Toylokov\source\repos\UnitTesting\FizzBuzzTests\bin\Debug\netcoreapp3.1\fine-code-coverage\build-output'.
TpTrace Information: 0 : 10080, 4, 2023/08/19, 12:38:08.724, 483837602392, testhost.dll, AssemblyResolver.OnResolve: nunit.engine.api: Loading assembly 'C:\Users\Shakhriyor_Toylokov\source\repos\UnitTesting\FizzBuzzTests\bin\Debug\netcoreapp3.1\fine-code-coverage\build-output\nunit.engine.api.dll'.
TpTrace Information: 0 : 10080, 4, 2023/08/19, 12:38:08.725, 483837611596, testhost.dll, AssemblyResolver.OnResolve: Resolved assembly: nunit.engine.api, from path: C:\Users\Shakhriyor_Toylokov\source\repos\UnitTesting\FizzBuzzTests\bin\Debug\netcoreapp3.1\fine-code-coverage\build-output\nunit.engine.api.dll
TpTrace Information: 0 : 10080, 4, 2023/08/19, 12:38:08.730, 483837657137, testhost.dll, GetTestExtensionFromType: Register extension with identifier data 'executor://NUnit3TestExecutor' and type 'NUnit.VisualStudio.TestAdapter.NUnit3TestExecutor, NUnit3.TestAdapter, Version=4.2.0.0, Culture=neutral, PublicKeyToken=4cb40d35494691ac' inside file 'C:\Users\Shakhriyor_Toylokov\source\repos\UnitTesting\FizzBuzzTests\bin\Debug\netcoreapp3.1\fine-code-coverage\build-output\NUnit3.TestAdapter.dll'
TpTrace Verbose: 0 : 10080, 4, 2023/08/19, 12:38:08.733, 483837687081, testhost.dll, TestPluginCache: Discovered the extensions using extension path ''.
TpTrace Verbose: 0 : 10080, 4, 2023/08/19, 12:38:08.733, 483837692465, testhost.dll, TestPluginCache: Discoverers are ''.
TpTrace Verbose: 0 : 10080, 4, 2023/08/19, 12:38:08.733, 483837693378, testhost.dll, TestPluginCache: Executors are 'executor://NUnit3TestExecutor'.
TpTrace Verbose: 0 : 10080, 4, 2023/08/19, 12:38:08.733, 483837694084, testhost.dll, TestPluginCache: Executors2 are ''.
TpTrace Verbose: 0 : 10080, 4, 2023/08/19, 12:38:08.734, 483837694649, testhost.dll, TestPluginCache: Setting providers are ''.
TpTrace Verbose: 0 : 10080, 4, 2023/08/19, 12:38:08.734, 483837695195, testhost.dll, TestPluginCache: Loggers are ''.
TpTrace Verbose: 0 : 10080, 4, 2023/08/19, 12:38:08.734, 483837695730, testhost.dll, TestPluginCache: TestHosts are ''.
TpTrace Verbose: 0 : 10080, 4, 2023/08/19, 12:38:08.734, 483837696255, testhost.dll, TestPluginCache: DataCollectors are ''.
TpTrace Verbose: 0 : 10080, 4, 2023/08/19, 12:38:08.737, 483837729685, testhost.dll, TestPluginCache.DiscoverTestExtensions: finding test extensions in assemblies ends with: TestAdapter.dll TPluginInfo: Microsoft.VisualStudio.TestPlatform.Common.ExtensionFramework.Utilities.TestExecutorPluginInformation2 TExtension: Microsoft.VisualStudio.TestPlatform.ObjectModel.Adapter.ITestExecutor2
TpTrace Verbose: 0 : 10080, 4, 2023/08/19, 12:38:08.737, 483837732634, testhost.dll, TestPluginCache.GetExtensionPaths: Filtered extension paths: 
TpTrace Verbose: 0 : 10080, 4, 2023/08/19, 12:38:08.737, 483837733238, testhost.dll, TestPluginCache.GetExtensionPaths: Added default extension paths: C:\Users\Shakhriyor_Toylokov\source\repos\UnitTesting\FizzBuzzTests\bin\Debug\netcoreapp3.1\fine-code-coverage\build-output\NUnit3.TestAdapter.dll
TpTrace Verbose: 0 : 10080, 4, 2023/08/19, 12:38:08.737, 483837733765, testhost.dll, TestPluginCache.GetExtensionPaths: Added unfilterableExtensionPaths: 
TpTrace Information: 0 : 10080, 4, 2023/08/19, 12:38:08.738, 483837735991, testhost.dll, AssemblyResolver.AddSearchDirectories: Adding more searchDirectories C:\Users\Shakhriyor_Toylokov\source\repos\UnitTesting\FizzBuzzTests\bin\Debug\netcoreapp3.1\fine-code-coverage\build-output
TpTrace Verbose: 0 : 10080, 4, 2023/08/19, 12:38:08.738, 483837736723, testhost.dll, TestPluginCache.DiscoverTestExtensions: Discovering the extensions using extension path.
TpTrace Verbose: 0 : 10080, 4, 2023/08/19, 12:38:08.738, 483837737220, testhost.dll, TestPluginCache.GetExtensionPaths: Filtered extension paths: 
TpTrace Verbose: 0 : 10080, 4, 2023/08/19, 12:38:08.738, 483837737633, testhost.dll, TestPluginCache.GetExtensionPaths: Added default extension paths: C:\Users\Shakhriyor_Toylokov\source\repos\UnitTesting\FizzBuzzTests\bin\Debug\netcoreapp3.1\fine-code-coverage\build-output\NUnit3.TestAdapter.dll
TpTrace Verbose: 0 : 10080, 4, 2023/08/19, 12:38:08.738, 483837738141, testhost.dll, TestPluginCache.GetExtensionPaths: Added unfilterableExtensionPaths: 
TpTrace Verbose: 0 : 10080, 4, 2023/08/19, 12:38:08.738, 483837738704, testhost.dll, TestPluginCache.DiscoverTestExtensions: Discovering the extensions using allExtensionPaths: C:\Users\Shakhriyor_Toylokov\source\repos\UnitTesting\FizzBuzzTests\bin\Debug\netcoreapp3.1\fine-code-coverage\build-output\NUnit3.TestAdapter.dll
TpTrace Information: 0 : 10080, 4, 2023/08/19, 12:38:08.740, 483837760479, testhost.dll, AssemblyResolver.AddSearchDirectories: Adding more searchDirectories C:\Users\Shakhriyor_Toylokov\source\repos\UnitTesting\FizzBuzzTests\bin\Debug\netcoreapp3.1\fine-code-coverage\build-output
TpTrace Verbose: 0 : 10080, 4, 2023/08/19, 12:38:08.740, 483837762804, testhost.dll, MetadataReaderExtensionsHelper: Discovering extensions inside assembly 'NUnit3.TestAdapter, Version=4.2.0.0, Culture=neutral, PublicKeyToken=4cb40d35494691ac' file path 'C:\Users\Shakhriyor_Toylokov\source\repos\UnitTesting\FizzBuzzTests\bin\Debug\netcoreapp3.1\fine-code-coverage\build-output\NUnit3.TestAdapter.dll'
TpTrace Verbose: 0 : 10080, 4, 2023/08/19, 12:38:08.742, 483837777687, testhost.dll, TestPluginCache: Discovered the extensions using extension path ''.
TpTrace Verbose: 0 : 10080, 4, 2023/08/19, 12:38:08.742, 483837778819, testhost.dll, TestPluginCache: Discoverers are ''.
TpTrace Verbose: 0 : 10080, 4, 2023/08/19, 12:38:08.742, 483837779855, testhost.dll, TestPluginCache: Executors are 'executor://NUnit3TestExecutor'.
TpTrace Verbose: 0 : 10080, 4, 2023/08/19, 12:38:08.742, 483837781139, testhost.dll, TestPluginCache: Executors2 are ''.
TpTrace Verbose: 0 : 10080, 4, 2023/08/19, 12:38:08.742, 483837781792, testhost.dll, TestPluginCache: Setting providers are ''.
TpTrace Verbose: 0 : 10080, 4, 2023/08/19, 12:38:08.742, 483837782366, testhost.dll, TestPluginCache: Loggers are ''.
TpTrace Verbose: 0 : 10080, 4, 2023/08/19, 12:38:08.742, 483837782941, testhost.dll, TestPluginCache: TestHosts are ''.
TpTrace Verbose: 0 : 10080, 4, 2023/08/19, 12:38:08.742, 483837783506, testhost.dll, TestPluginCache: DataCollectors are ''.
TpTrace Information: 0 : 10080, 4, 2023/08/19, 12:38:08.747, 483837834452, testhost.dll, TestPluginManager.CreateTestExtension: Attempting to load test extension: NUnit.VisualStudio.TestAdapter.NUnit3TestExecutor
TpTrace Verbose: 0 : 10080, 4, 2023/08/19, 12:38:08.748, 483837840145, testhost.dll, TestExecutorExtensionManager: Loading executor NUnit.VisualStudio.TestAdapter.NUnit3TestExecutor
TpTrace Verbose: 0 : 10080, 4, 2023/08/19, 12:38:08.748, 483837841018, testhost.dll, TestExecutorService: Loaded the executors
TpTrace Verbose: 0 : 10080, 4, 2023/08/19, 12:38:08.749, 483837850782, testhost.dll, TestPluginCache.DiscoverTestExtensions: finding test extensions in assemblies ends with: TestAdapter.dll TPluginInfo: Microsoft.VisualStudio.TestPlatform.Common.ExtensionFramework.Utilities.TestSettingsProviderPluginInformation TExtension: Microsoft.VisualStudio.TestPlatform.ObjectModel.Adapter.ISettingsProvider
TpTrace Verbose: 0 : 10080, 4, 2023/08/19, 12:38:08.749, 483837851844, testhost.dll, TestPluginCache.GetExtensionPaths: Filtered extension paths: 
TpTrace Verbose: 0 : 10080, 4, 2023/08/19, 12:38:08.749, 483837852390, testhost.dll, TestPluginCache.GetExtensionPaths: Added default extension paths: C:\Users\Shakhriyor_Toylokov\source\repos\UnitTesting\FizzBuzzTests\bin\Debug\netcoreapp3.1\fine-code-coverage\build-output\NUnit3.TestAdapter.dll
TpTrace Verbose: 0 : 10080, 4, 2023/08/19, 12:38:08.749, 483837852787, testhost.dll, TestPluginCache.GetExtensionPaths: Added unfilterableExtensionPaths: 
TpTrace Information: 0 : 10080, 4, 2023/08/19, 12:38:08.749, 483837854343, testhost.dll, AssemblyResolver.AddSearchDirectories: Adding more searchDirectories C:\Users\Shakhriyor_Toylokov\source\repos\UnitTesting\FizzBuzzTests\bin\Debug\netcoreapp3.1\fine-code-coverage\build-output
TpTrace Verbose: 0 : 10080, 4, 2023/08/19, 12:38:08.750, 483837854878, testhost.dll, TestPluginCache.DiscoverTestExtensions: Discovering the extensions using extension path.
TpTrace Verbose: 0 : 10080, 4, 2023/08/19, 12:38:08.750, 483837855274, testhost.dll, TestPluginCache.GetExtensionPaths: Filtered extension paths: 
TpTrace Verbose: 0 : 10080, 4, 2023/08/19, 12:38:08.750, 483837855697, testhost.dll, TestPluginCache.GetExtensionPaths: Added default extension paths: C:\Users\Shakhriyor_Toylokov\source\repos\UnitTesting\FizzBuzzTests\bin\Debug\netcoreapp3.1\fine-code-coverage\build-output\NUnit3.TestAdapter.dll
TpTrace Verbose: 0 : 10080, 4, 2023/08/19, 12:38:08.750, 483837856088, testhost.dll, TestPluginCache.GetExtensionPaths: Added unfilterableExtensionPaths: 
TpTrace Verbose: 0 : 10080, 4, 2023/08/19, 12:38:08.750, 483837856479, testhost.dll, TestPluginCache.DiscoverTestExtensions: Discovering the extensions using allExtensionPaths: C:\Users\Shakhriyor_Toylokov\source\repos\UnitTesting\FizzBuzzTests\bin\Debug\netcoreapp3.1\fine-code-coverage\build-output\NUnit3.TestAdapter.dll
TpTrace Information: 0 : 10080, 4, 2023/08/19, 12:38:08.750, 483837856968, testhost.dll, AssemblyResolver.AddSearchDirectories: Adding more searchDirectories C:\Users\Shakhriyor_Toylokov\source\repos\UnitTesting\FizzBuzzTests\bin\Debug\netcoreapp3.1\fine-code-coverage\build-output
TpTrace Verbose: 0 : 10080, 4, 2023/08/19, 12:38:08.750, 483837857897, testhost.dll, MetadataReaderExtensionsHelper: Discovering extensions inside assembly 'NUnit3.TestAdapter, Version=4.2.0.0, Culture=neutral, PublicKeyToken=4cb40d35494691ac' file path 'C:\Users\Shakhriyor_Toylokov\source\repos\UnitTesting\FizzBuzzTests\bin\Debug\netcoreapp3.1\fine-code-coverage\build-output\NUnit3.TestAdapter.dll'
TpTrace Verbose: 0 : 10080, 4, 2023/08/19, 12:38:08.750, 483837863863, testhost.dll, TestPluginCache: Discovered the extensions using extension path ''.
TpTrace Verbose: 0 : 10080, 4, 2023/08/19, 12:38:08.750, 483837864458, testhost.dll, TestPluginCache: Discoverers are ''.
TpTrace Verbose: 0 : 10080, 4, 2023/08/19, 12:38:08.751, 483837864883, testhost.dll, TestPluginCache: Executors are 'executor://NUnit3TestExecutor'.
TpTrace Verbose: 0 : 10080, 4, 2023/08/19, 12:38:08.751, 483837865211, testhost.dll, TestPluginCache: Executors2 are ''.
TpTrace Verbose: 0 : 10080, 4, 2023/08/19, 12:38:08.751, 483837865738, testhost.dll, TestPluginCache: Setting providers are ''.
TpTrace Verbose: 0 : 10080, 4, 2023/08/19, 12:38:08.751, 483837866085, testhost.dll, TestPluginCache: Loggers are ''.
TpTrace Verbose: 0 : 10080, 4, 2023/08/19, 12:38:08.751, 483837866495, testhost.dll, TestPluginCache: TestHosts are ''.
TpTrace Verbose: 0 : 10080, 4, 2023/08/19, 12:38:08.751, 483837867016, testhost.dll, TestPluginCache: DataCollectors are ''.
TpTrace Verbose: 0 : 10080, 4, 2023/08/19, 12:38:08.752, 483837876153, testhost.dll, TestExecutorService: Loaded the settings providers
TpTrace Information: 0 : 10080, 4, 2023/08/19, 12:38:08.752, 483837876704, testhost.dll, TestExecutorService: Loaded the extensions
TpTrace Information: 0 : 10080, 4, 2023/08/19, 12:38:08.752, 483837881417, testhost.dll, TestRequestHandler.OnMessageReceived: Running job 'TestExecution.StartWithSources'.
TpTrace Verbose: 0 : 10080, 4, 2023/08/19, 12:38:08.842, 483838777566, testhost.dll, MulticastDelegateUtilities.SafeInvoke: TestCaseEventsHandler.RaiseSessionStart: Invoking callbacks was skipped because there are no subscribers.
TpTrace Information: 0 : 10080, 4, 2023/08/19, 12:38:08.849, 483838853441, testhost.dll, TestDiscoveryManager: Discovering tests from sources C:\Users\Shakhriyor_Toylokov\source\repos\UnitTesting\FizzBuzzTests\bin\Debug\netcoreapp3.1\fine-code-coverage\build-output\FizzBuzzTests.dll
TpTrace Verbose: 0 : 10080, 4, 2023/08/19, 12:38:08.853, 483838889079, testhost.dll, TestPluginCache.DiscoverTestExtensions: finding test extensions in assemblies ends with: TestAdapter.dll TPluginInfo: Microsoft.VisualStudio.TestPlatform.Common.ExtensionFramework.Utilities.TestDiscovererPluginInformation TExtension: Microsoft.VisualStudio.TestPlatform.ObjectModel.Adapter.ITestDiscoverer
TpTrace Verbose: 0 : 10080, 4, 2023/08/19, 12:38:08.853, 483838891256, testhost.dll, TestPluginCache.GetExtensionPaths: Filtered extension paths: 
TpTrace Verbose: 0 : 10080, 4, 2023/08/19, 12:38:08.853, 483838892794, testhost.dll, TestPluginCache.GetExtensionPaths: Added default extension paths: C:\Users\Shakhriyor_Toylokov\source\repos\UnitTesting\FizzBuzzTests\bin\Debug\netcoreapp3.1\fine-code-coverage\build-output\NUnit3.TestAdapter.dll
TpTrace Verbose: 0 : 10080, 4, 2023/08/19, 12:38:08.853, 483838893880, testhost.dll, TestPluginCache.GetExtensionPaths: Added unfilterableExtensionPaths: 
TpTrace Information: 0 : 10080, 4, 2023/08/19, 12:38:08.854, 483838896435, testhost.dll, AssemblyResolver.AddSearchDirectories: Adding more searchDirectories C:\Users\Shakhriyor_Toylokov\source\repos\UnitTesting\FizzBuzzTests\bin\Debug\netcoreapp3.1\fine-code-coverage\build-output
TpTrace Verbose: 0 : 10080, 4, 2023/08/19, 12:38:08.854, 483838897253, testhost.dll, TestPluginCache.DiscoverTestExtensions: Discovering the extensions using extension path.
TpTrace Verbose: 0 : 10080, 4, 2023/08/19, 12:38:08.854, 483838898037, testhost.dll, TestPluginCache.GetExtensionPaths: Filtered extension paths: 
TpTrace Verbose: 0 : 10080, 4, 2023/08/19, 12:38:08.854, 483838899223, testhost.dll, TestPluginCache.GetExtensionPaths: Added default extension paths: C:\Users\Shakhriyor_Toylokov\source\repos\UnitTesting\FizzBuzzTests\bin\Debug\netcoreapp3.1\fine-code-coverage\build-output\NUnit3.TestAdapter.dll
TpTrace Verbose: 0 : 10080, 4, 2023/08/19, 12:38:08.854, 483838900162, testhost.dll, TestPluginCache.GetExtensionPaths: Added unfilterableExtensionPaths: 
TpTrace Verbose: 0 : 10080, 4, 2023/08/19, 12:38:08.854, 483838901138, testhost.dll, TestPluginCache.DiscoverTestExtensions: Discovering the extensions using allExtensionPaths: C:\Users\Shakhriyor_Toylokov\source\repos\UnitTesting\FizzBuzzTests\bin\Debug\netcoreapp3.1\fine-code-coverage\build-output\NUnit3.TestAdapter.dll
TpTrace Information: 0 : 10080, 4, 2023/08/19, 12:38:08.854, 483838902790, testhost.dll, AssemblyResolver.AddSearchDirectories: Adding more searchDirectories C:\Users\Shakhriyor_Toylokov\source\repos\UnitTesting\FizzBuzzTests\bin\Debug\netcoreapp3.1\fine-code-coverage\build-output
TpTrace Verbose: 0 : 10080, 4, 2023/08/19, 12:38:08.855, 483838905062, testhost.dll, MetadataReaderExtensionsHelper: Discovering extensions inside assembly 'NUnit3.TestAdapter, Version=4.2.0.0, Culture=neutral, PublicKeyToken=4cb40d35494691ac' file path 'C:\Users\Shakhriyor_Toylokov\source\repos\UnitTesting\FizzBuzzTests\bin\Debug\netcoreapp3.1\fine-code-coverage\build-output\NUnit3.TestAdapter.dll'
TpTrace Information: 0 : 10080, 4, 2023/08/19, 12:38:08.859, 483838951764, testhost.dll, AssemblyResolver.OnResolve: System.ComponentModel.Primitives.resources: Resolving assembly.
TpTrace Information: 0 : 10080, 4, 2023/08/19, 12:38:08.859, 483838954061, testhost.dll, AssemblyResolver.OnResolve: System.ComponentModel.Primitives.resources: Searching in: 'C:\Users\Shakhriyor_Toylokov\source\repos\UnitTesting\FizzBuzzTests\bin\Debug\netcoreapp3.1\fine-code-coverage\build-output'.
TpTrace Information: 0 : 10080, 4, 2023/08/19, 12:38:08.860, 483838955940, testhost.dll, AssemblyResolver.OnResolve: System.ComponentModel.Primitives.resources: Assembly path does not exist: 'C:\Users\Shakhriyor_Toylokov\source\repos\UnitTesting\FizzBuzzTests\bin\Debug\netcoreapp3.1\fine-code-coverage\build-output\System.ComponentModel.Primitives.resources.dll', returning.
TpTrace Information: 0 : 10080, 4, 2023/08/19, 12:38:08.860, 483838957385, testhost.dll, AssemblyResolver.OnResolve: System.ComponentModel.Primitives.resources: Assembly path does not exist: 'C:\Users\Shakhriyor_Toylokov\source\repos\UnitTesting\FizzBuzzTests\bin\Debug\netcoreapp3.1\fine-code-coverage\build-output\System.ComponentModel.Primitives.resources.exe', returning.
TpTrace Information: 0 : 10080, 4, 2023/08/19, 12:38:08.860, 483838958133, testhost.dll, AssemblyResolver.OnResolve: System.ComponentModel.Primitives.resources: Failed to load assembly.
TpTrace Verbose: 0 : 10080, 4, 2023/08/19, 12:38:08.861, 483838965002, testhost.dll, CurrentDomainAssemblyResolve: Resolving assembly 'System.ComponentModel.Primitives.resources'.
TpTrace Information: 0 : 10080, 4, 2023/08/19, 12:38:08.861, 483838966924, testhost.dll, AssemblyResolver.OnResolve: System.ComponentModel.Primitives.resources: Resolving assembly.
TpTrace Information: 0 : 10080, 4, 2023/08/19, 12:38:08.861, 483838967774, testhost.dll, AssemblyResolver.OnResolve: System.ComponentModel.Primitives.resources: Resolved from cache.
TpTrace Verbose: 0 : 10080, 4, 2023/08/19, 12:38:08.861, 483838968525, testhost.dll, CurrentDomainAssemblyResolve: Resolving assembly 'System.ComponentModel.Primitives.resources'.
TpTrace Verbose: 0 : 10080, 4, 2023/08/19, 12:38:08.861, 483838969244, testhost.dll, CurrentDomainAssemblyResolve: Failed to resolve assembly 'System.ComponentModel.Primitives.resources'.
TpTrace Verbose: 0 : 10080, 4, 2023/08/19, 12:38:08.862, 483838983527, testhost.dll, CurrentDomainAssemblyResolve: Failed to resolve assembly 'System.ComponentModel.Primitives.resources'.
TpTrace Information: 0 : 10080, 4, 2023/08/19, 12:38:08.863, 483838992996, testhost.dll, AssemblyResolver.OnResolve: System.ComponentModel.Primitives.resources: Resolving assembly.
TpTrace Information: 0 : 10080, 4, 2023/08/19, 12:38:08.864, 483839000295, testhost.dll, AssemblyResolver.OnResolve: System.ComponentModel.Primitives.resources: Resolved from cache.
TpTrace Verbose: 0 : 10080, 4, 2023/08/19, 12:38:08.864, 483839002193, testhost.dll, CurrentDomainAssemblyResolve: Resolving assembly 'System.ComponentModel.Primitives.resources'.
TpTrace Verbose: 0 : 10080, 4, 2023/08/19, 12:38:08.864, 483839003224, testhost.dll, CurrentDomainAssemblyResolve: Failed to resolve assembly 'System.ComponentModel.Primitives.resources'.
TpTrace Information: 0 : 10080, 4, 2023/08/19, 12:38:08.866, 483839020921, testhost.dll, GetTestExtensionFromType: Register extension with identifier data 'NUnit.VisualStudio.TestAdapter.NUnit3TestDiscoverer, NUnit3.TestAdapter, Version=4.2.0.0, Culture=neutral, PublicKeyToken=4cb40d35494691ac' and type 'NUnit.VisualStudio.TestAdapter.NUnit3TestDiscoverer, NUnit3.TestAdapter, Version=4.2.0.0, Culture=neutral, PublicKeyToken=4cb40d35494691ac' inside file 'C:\Users\Shakhriyor_Toylokov\source\repos\UnitTesting\FizzBuzzTests\bin\Debug\netcoreapp3.1\fine-code-coverage\build-output\NUnit3.TestAdapter.dll'
TpTrace Verbose: 0 : 10080, 4, 2023/08/19, 12:38:08.867, 483839024731, testhost.dll, TestPluginCache: Discovered the extensions using extension path ''.
TpTrace Verbose: 0 : 10080, 4, 2023/08/19, 12:38:08.867, 483839025985, testhost.dll, TestPluginCache: Discoverers are 'NUnit.VisualStudio.TestAdapter.NUnit3TestDiscoverer, NUnit3.TestAdapter, Version=4.2.0.0, Culture=neutral, PublicKeyToken=4cb40d35494691ac'.
TpTrace Verbose: 0 : 10080, 4, 2023/08/19, 12:38:08.867, 483839026641, testhost.dll, TestPluginCache: Executors are 'executor://NUnit3TestExecutor'.
TpTrace Verbose: 0 : 10080, 4, 2023/08/19, 12:38:08.867, 483839027230, testhost.dll, TestPluginCache: Executors2 are ''.
TpTrace Verbose: 0 : 10080, 4, 2023/08/19, 12:38:08.867, 483839028142, testhost.dll, TestPluginCache: Setting providers are ''.
TpTrace Verbose: 0 : 10080, 4, 2023/08/19, 12:38:08.867, 483839028760, testhost.dll, TestPluginCache: Loggers are ''.
TpTrace Verbose: 0 : 10080, 4, 2023/08/19, 12:38:08.867, 483839029401, testhost.dll, TestPluginCache: TestHosts are ''.
TpTrace Verbose: 0 : 10080, 4, 2023/08/19, 12:38:08.867, 483839030012, testhost.dll, TestPluginCache: DataCollectors are ''.
TpTrace Information: 0 : 10080, 4, 2023/08/19, 12:38:08.874, 483839094810, testhost.dll, PEReaderHelper.GetAssemblyType: Determined assemblyType:'Managed' for source: 'C:\Users\Shakhriyor_Toylokov\source\repos\UnitTesting\FizzBuzzTests\bin\Debug\netcoreapp3.1\fine-code-coverage\build-output\FizzBuzzTests.dll'
TpTrace Verbose: 0 : 10080, 4, 2023/08/19, 12:38:08.885, 483839206034, testhost.dll, BaseRunTests.RunTestInternalWithExecutors: Running tests for executor://NUnit3TestExecutor
TpTrace Information: 0 : 10080, 4, 2023/08/19, 12:38:08.890, 483839256768, testhost.dll, AssemblyResolver.OnResolve: nunit.engine.core: Resolving assembly.
TpTrace Information: 0 : 10080, 4, 2023/08/19, 12:38:08.890, 483839258872, testhost.dll, AssemblyResolver.OnResolve: nunit.engine.core: Searching in: 'C:\Users\Shakhriyor_Toylokov\source\repos\UnitTesting\FizzBuzzTests\bin\Debug\netcoreapp3.1\fine-code-coverage\build-output'.
TpTrace Information: 0 : 10080, 4, 2023/08/19, 12:38:08.890, 483839264319, testhost.dll, AssemblyResolver.OnResolve: nunit.engine.core: Loading assembly 'C:\Users\Shakhriyor_Toylokov\source\repos\UnitTesting\FizzBuzzTests\bin\Debug\netcoreapp3.1\fine-code-coverage\build-output\nunit.engine.core.dll'.
TpTrace Information: 0 : 10080, 4, 2023/08/19, 12:38:08.892, 483839277657, testhost.dll, AssemblyResolver.OnResolve: Resolved assembly: nunit.engine.core, from path: C:\Users\Shakhriyor_Toylokov\source\repos\UnitTesting\FizzBuzzTests\bin\Debug\netcoreapp3.1\fine-code-coverage\build-output\nunit.engine.core.dll
TpTrace Information: 0 : 10080, 4, 2023/08/19, 12:38:08.906, 483839424490, testhost.dll, NUnit Adapter 4.2.0.0: Test execution started
TpTrace Verbose: 0 : 10080, 4, 2023/08/19, 12:38:08.907, 483839427977, testhost.dll, TestRequestHandler.SendData: sending data from testhost: {"Version":7,"MessageType":"TestSession.Message","Payload":{"MessageLevel":0,"Message":"NUnit Adapter 4.2.0.0: Test execution started"}}
TpTrace Verbose: 0 : 10080, 4, 2023/08/19, 12:38:08.907, 483839431191, testhost.dll, MulticastDelegateUtilities.SafeInvoke: TestRunMessageLoggerProxy.SendMessage: Invoking callback 1/1 for Microsoft.VisualStudio.TestPlatform.CrossPlatEngine.Execution.RunTestsWithSources.OnTestRunMessage, took 0 ms.
TpTrace Information: 0 : 10080, 4, 2023/08/19, 12:38:08.945, 483839811179, testhost.dll, Running all tests in C:\Users\Shakhriyor_Toylokov\source\repos\UnitTesting\FizzBuzzTests\bin\Debug\netcoreapp3.1\fine-code-coverage\build-output\FizzBuzzTests.dll
TpTrace Verbose: 0 : 10080, 4, 2023/08/19, 12:38:08.945, 483839813397, testhost.dll, TestRequestHandler.SendData: sending data from testhost: {"Version":7,"MessageType":"TestSession.Message","Payload":{"MessageLevel":0,"Message":"Running all tests in C:\\Users\\Shakhriyor_Toylokov\\source\\repos\\UnitTesting\\FizzBuzzTests\\bin\\Debug\\netcoreapp3.1\\fine-code-coverage\\build-output\\FizzBuzzTests.dll"}}
TpTrace Verbose: 0 : 10080, 4, 2023/08/19, 12:38:08.946, 483839816525, testhost.dll, MulticastDelegateUtilities.SafeInvoke: TestRunMessageLoggerProxy.SendMessage: Invoking callback 1/1 for Microsoft.VisualStudio.TestPlatform.CrossPlatEngine.Execution.RunTestsWithSources.OnTestRunMessage, took 0 ms.
TpTrace Information: 0 : 10080, 4, 2023/08/19, 12:38:08.957, 483839928523, testhost.dll, AssemblyResolver.OnResolve: testcentric.engine.metadata: Resolving assembly.
TpTrace Information: 0 : 10080, 4, 2023/08/19, 12:38:08.957, 483839930099, testhost.dll, AssemblyResolver.OnResolve: testcentric.engine.metadata: Searching in: 'C:\Users\Shakhriyor_Toylokov\source\repos\UnitTesting\FizzBuzzTests\bin\Debug\netcoreapp3.1\fine-code-coverage\build-output'.
TpTrace Information: 0 : 10080, 4, 2023/08/19, 12:38:08.957, 483839934426, testhost.dll, AssemblyResolver.OnResolve: testcentric.engine.metadata: Loading assembly 'C:\Users\Shakhriyor_Toylokov\source\repos\UnitTesting\FizzBuzzTests\bin\Debug\netcoreapp3.1\fine-code-coverage\build-output\testcentric.engine.metadata.dll'.
TpTrace Information: 0 : 10080, 4, 2023/08/19, 12:38:08.958, 483839943021, testhost.dll, AssemblyResolver.OnResolve: Resolved assembly: testcentric.engine.metadata, from path: C:\Users\Shakhriyor_Toylokov\source\repos\UnitTesting\FizzBuzzTests\bin\Debug\netcoreapp3.1\fine-code-coverage\build-output\testcentric.engine.metadata.dll
TpTrace Information: 0 : 10080, 4, 2023/08/19, 12:38:09.134, 483841696524, testhost.dll,    NUnit3TestExecutor discovered 2 of 2 NUnit test cases using Current Discovery mode, Non-Explicit run
TpTrace Verbose: 0 : 10080, 4, 2023/08/19, 12:38:09.134, 483841698997, testhost.dll, TestRequestHandler.SendData: sending data from testhost: {"Version":7,"MessageType":"TestSession.Message","Payload":{"MessageLevel":0,"Message":"   NUnit3TestExecutor discovered 2 of 2 NUnit test cases using Current Discovery mode, Non-Explicit run"}}
TpTrace Verbose: 0 : 10080, 4, 2023/08/19, 12:38:09.134, 483841701056, testhost.dll, MulticastDelegateUtilities.SafeInvoke: TestRunMessageLoggerProxy.SendMessage: Invoking callback 1/1 for Microsoft.VisualStudio.TestPlatform.CrossPlatEngine.Execution.RunTestsWithSources.OnTestRunMessage, took 0 ms.
TpTrace Verbose: 0 : 10080, 14, 2023/08/19, 12:38:09.187, 483842230012, testhost.dll, TestExecutionRecorder.RecordStart: Starting test: FizzBuzzTests.Tests.check_FizzBuzz_ReturnsCorrectStrings.
TpTrace Verbose: 0 : 10080, 14, 2023/08/19, 12:38:09.254, 483842904419, testhost.dll, MulticastDelegateUtilities.SafeInvoke: TestCaseEventsHandler.RaiseTestCaseStart: Invoking callback 1/1 for Microsoft.VisualStudio.TestPlatform.CrossPlatEngine.DataCollection.ProxyOutOfProcDataCollectionManager.TriggerTestCaseStart, took 57 ms.
TpTrace Verbose: 0 : 10080, 14, 2023/08/19, 12:38:09.270, 483843058455, testhost.dll, TestExecutionRecorder.RecordEnd: test: FizzBuzzTests.Tests.check_FizzBuzz_ReturnsCorrectStrings execution completed.
TpTrace Verbose: 0 : 10080, 14, 2023/08/19, 12:38:09.288, 483843240260, testhost.dll, MulticastDelegateUtilities.SafeInvoke: TestCaseEventsHandler.RaiseTestCaseEnd: Invoking callback 1/1 for Microsoft.VisualStudio.TestPlatform.CrossPlatEngine.DataCollection.ProxyOutOfProcDataCollectionManager.TriggerTestCaseEnd, took 17 ms.
TpTrace Verbose: 0 : 10080, 14, 2023/08/19, 12:38:09.289, 483843253726, testhost.dll, TestExecutionRecorder.RecordResult: Received result for test: FizzBuzzTests.Tests.check_FizzBuzz_ReturnsCorrectStrings.
TpTrace Verbose: 0 : 10080, 14, 2023/08/19, 12:38:09.291, 483843267052, testhost.dll, MulticastDelegateUtilities.SafeInvoke: TestCaseEventsHandler.RaiseTestCaseEnd: Invoking callback 1/1 for Microsoft.VisualStudio.TestPlatform.CrossPlatEngine.DataCollection.ProxyOutOfProcDataCollectionManager.TriggerSendTestResult, took 0 ms.
TpTrace Warning: 0 : 10080, 14, 2023/08/19, 12:38:09.294, 483843300230, testhost.dll, TestRunCache: InProgressTests is null
TpTrace Warning: 0 : 10080, 14, 2023/08/19, 12:38:09.294, 483843302095, testhost.dll, TestRunCache: No test found corresponding to testResult 'check_FizzBuzz_ReturnsCorrectStrings' in inProgress list.
TpTrace Verbose: 0 : 10080, 14, 2023/08/19, 12:38:09.295, 483843304492, testhost.dll, TestExecutionRecorder.RecordStart: Starting test: FizzBuzzTests.Tests.checkFizzBuzz_ThrowsException_WhenInvalidNumberGiven.
TpTrace Verbose: 0 : 10080, 14, 2023/08/19, 12:38:09.298, 483843337444, testhost.dll, MulticastDelegateUtilities.SafeInvoke: TestCaseEventsHandler.RaiseTestCaseStart: Invoking callback 1/1 for Microsoft.VisualStudio.TestPlatform.CrossPlatEngine.DataCollection.ProxyOutOfProcDataCollectionManager.TriggerTestCaseStart, took 3 ms.
TpTrace Verbose: 0 : 10080, 14, 2023/08/19, 12:38:09.299, 483843345615, testhost.dll, TestExecutionRecorder.RecordEnd: test: FizzBuzzTests.Tests.checkFizzBuzz_ThrowsException_WhenInvalidNumberGiven execution completed.
TpTrace Verbose: 0 : 10080, 14, 2023/08/19, 12:38:09.301, 483843369373, testhost.dll, MulticastDelegateUtilities.SafeInvoke: TestCaseEventsHandler.RaiseTestCaseEnd: Invoking callback 1/1 for Microsoft.VisualStudio.TestPlatform.CrossPlatEngine.DataCollection.ProxyOutOfProcDataCollectionManager.TriggerTestCaseEnd, took 2 ms.
TpTrace Verbose: 0 : 10080, 14, 2023/08/19, 12:38:09.301, 483843370714, testhost.dll, TestExecutionRecorder.RecordResult: Received result for test: FizzBuzzTests.Tests.checkFizzBuzz_ThrowsException_WhenInvalidNumberGiven.
TpTrace Verbose: 0 : 10080, 14, 2023/08/19, 12:38:09.301, 483843371901, testhost.dll, MulticastDelegateUtilities.SafeInvoke: TestCaseEventsHandler.RaiseTestCaseEnd: Invoking callback 1/1 for Microsoft.VisualStudio.TestPlatform.CrossPlatEngine.DataCollection.ProxyOutOfProcDataCollectionManager.TriggerSendTestResult, took 0 ms.
TpTrace Warning: 0 : 10080, 14, 2023/08/19, 12:38:09.301, 483843372977, testhost.dll, TestRunCache: InProgressTests is null
TpTrace Warning: 0 : 10080, 14, 2023/08/19, 12:38:09.301, 483843373728, testhost.dll, TestRunCache: No test found corresponding to testResult 'checkFizzBuzz_ThrowsException_WhenInvalidNumberGiven' in inProgress list.
TpTrace Information: 0 : 10080, 4, 2023/08/19, 12:38:09.308, 483843434560, testhost.dll, NUnit Adapter 4.2.0.0: Test execution complete
TpTrace Verbose: 0 : 10080, 4, 2023/08/19, 12:38:09.308, 483843435902, testhost.dll, TestRequestHandler.SendData: sending data from testhost: {"Version":7,"MessageType":"TestSession.Message","Payload":{"MessageLevel":0,"Message":"NUnit Adapter 4.2.0.0: Test execution complete"}}
TpTrace Verbose: 0 : 10080, 4, 2023/08/19, 12:38:09.308, 483843437123, testhost.dll, MulticastDelegateUtilities.SafeInvoke: TestRunMessageLoggerProxy.SendMessage: Invoking callback 1/1 for Microsoft.VisualStudio.TestPlatform.CrossPlatEngine.Execution.RunTestsWithSources.OnTestRunMessage, took 0 ms.
TpTrace Verbose: 0 : 10080, 4, 2023/08/19, 12:38:09.318, 483843536469, testhost.dll, BaseRunTests.RunTestInternalWithExecutors: Completed running tests for executor://NUnit3TestExecutor
TpTrace Verbose: 0 : 10080, 4, 2023/08/19, 12:38:09.319, 483843553617, testhost.dll, MulticastDelegateUtilities.SafeInvoke: TestCaseEventsHandler.RaiseSessionEnd: Invoking callback 1/1 for Microsoft.VisualStudio.TestPlatform.CrossPlatEngine.DataCollection.ProxyOutOfProcDataCollectionManager.TriggerTestSessionEnd, took 1 ms.
TpTrace Information: 0 : 10080, 4, 2023/08/19, 12:38:09.324, 483843597462, testhost.dll, Sending test run complete
TpTrace Verbose: 0 : 10080, 4, 2023/08/19, 12:38:09.373, 483844093286, testhost.dll, TestRequestHandler.SendData: sending data from testhost: {"Version":7,"MessageType":"TestExecution.Completed","Payload":{"TestRunCompleteArgs":{"TestRunStatistics":{"ExecutedTests":2,"Stats":{"Passed":2}},"IsCanceled":false,"IsAborted":false,"Error":null,"AttachmentSets":[],"InvokedDataCollectors":[],"ElapsedTimeInRunningTests":"00:00:00.4421572","Metrics":{},"DiscoveredExtensions":{"TestDiscoverers":["NUnit.VisualStudio.TestAdapter.NUnit3TestDiscoverer, NUnit3.TestAdapter, Version=4.2.0.0, Culture=neutral, PublicKeyToken=4cb40d35494691ac"],"TestExecutors":["executor://NUnit3TestExecutor"],"TestExecutors2":[],"TestSettingsProviders":[]}},"LastRunTests":{"NewTestResults":[{"TestCase":{"Id":"bb19ef79-d5f5-e0f5-2070-bd220f27bc1a","FullyQualifiedName":"FizzBuzzTests.Tests.check_FizzBuzz_ReturnsCorrectStrings","DisplayName":"check_FizzBuzz_ReturnsCorrectStrings","ExecutorUri":"executor://NUnit3TestExecutor","Source":"C:\\Users\\Shakhriyor_Toylokov\\source\\repos\\UnitTesting\\FizzBuzzTests\\bin\\Debug\\netcoreapp3.1\\fine-code-coverage\\build-output\\FizzBuzzTests.dll","CodeFilePath":null,"LineNumber":0,"Properties":[{"Key":{"Id":"NUnit.Seed","Label":"Seed","Category":"","Description":"","Attributes":0,"ValueType":"System.String"},"Value":"1902625962"}]},"Attachments":[],"Outcome":1,"ErrorMessage":null,"ErrorStackTrace":null,"DisplayName":"check_FizzBuzz_ReturnsCorrectStrings","Messages":[],"ComputerName":"EPUZTASW0474","Duration":"00:00:00.0594000","StartTime":"2023-08-19T07:38:09.184992+00:00","EndTime":"2023-08-19T07:38:09.2442886+00:00","Properties":[{"Key":{"Id":"NUnit.Seed","Label":"Seed","Category":"","Description":"","Attributes":0,"ValueType":"System.String"},"Value":"1902625962"}]},{"TestCase":{"Id":"4a1fc106-f431-74d0-0f80-2b689289dd2f","FullyQualifiedName":"FizzBuzzTests.Tests.checkFizzBuzz_ThrowsException_WhenInvalidNumberGiven","DisplayName":"checkFizzBuzz_ThrowsException_WhenInvalidNumberGiven","ExecutorUri":"executor://NUnit3TestExecutor","Source":"C:\\Users\\Shakhriyor_Toylokov\\source\\repos\\UnitTesting\\FizzBuzzTests\\bin\\Debug\\netcoreapp3.1\\fine-code-coverage\\build-output\\FizzBuzzTests.dll","CodeFilePath":null,"LineNumber":0,"Properties":[{"Key":{"Id":"NUnit.Seed","Label":"Seed","Category":"","Description":"","Attributes":0,"ValueType":"System.String"},"Value":"225701856"}]},"Attachments":[],"Outcome":1,"ErrorMessage":null,"ErrorStackTrace":null,"DisplayName":"checkFizzBuzz_ThrowsException_WhenInvalidNumberGiven","Messages":[],"ComputerName":"EPUZTASW0474","Duration":"00:00:00.0074510","StartTime":"2023-08-19T07:38:09.2466298+00:00","EndTime":"2023-08-19T07:38:09.2540775+00:00","Properties":[{"Key":{"Id":"NUnit.Seed","Label":"Seed","Category":"","Description":"","Attributes":0,"ValueType":"System.String"},"Value":"225701856"}]}],"TestRunStatistics":{"ExecutedTests":2,"Stats":{"Passed":2}},"ActiveTests":[]},"RunAttachments":[],"ExecutorUris":["executor://nunit3testexecutor/"]}}
TpTrace Verbose: 0 : 10080, 4, 2023/08/19, 12:38:09.374, 483844097619, testhost.dll, BaseRunTests.RunTests: Run is complete.
TpTrace Verbose: 0 : 10080, 5, 2023/08/19, 12:38:09.375, 483844107235, testhost.dll, TcpClientExtensions.MessageLoopAsync: NotifyDataAvailable remoteEndPoint: [::ffff:127.0.0.1]:56496 localEndPoint: [::ffff:127.0.0.1]:56497
TpTrace Information: 0 : 10080, 5, 2023/08/19, 12:38:09.375, 483844109270, testhost.dll, TestRequestHandler.OnMessageReceived: received message: (TestSession.Terminate) -> {"MessageType":"TestSession.Terminate","Payload":null}
TpTrace Information: 0 : 10080, 5, 2023/08/19, 12:38:09.375, 483844110030, testhost.dll, Session End message received from server. Closing the connection.
TpTrace Information: 0 : 10080, 5, 2023/08/19, 12:38:09.376, 483844115115, testhost.dll, SocketClient.Stop: Stop communication from server endpoint: 127.0.0.1:056496
TpTrace Information: 0 : 10080, 5, 2023/08/19, 12:38:09.376, 483844116098, testhost.dll, SocketClient: Stop: Cancellation requested. Stopping message loop.
TpTrace Verbose: 0 : 10080, 5, 2023/08/19, 12:38:09.376, 483844119960, testhost.dll, LengthPrefixCommunicationChannel.Dispose: Dispose reader and writer.
TpTrace Information: 0 : 10080, 5, 2023/08/19, 12:38:09.376, 483844121077, testhost.dll, Closing the connection !
TpTrace Verbose: 0 : 10080, 5, 2023/08/19, 12:38:09.376, 483844121873, testhost.dll, MulticastDelegateUtilities.SafeInvoke: LengthPrefixCommunicationChannel: MessageReceived: Invoking callback 1/1 for Microsoft.VisualStudio.TestPlatform.CommunicationUtilities.TestRequestHandler.OnMessageReceived, took 1 ms.
TpTrace Information: 0 : 10080, 1, 2023/08/19, 12:38:09.377, 483844125167, testhost.dll, Closing the connection!
TpTrace Information: 0 : 10080, 1, 2023/08/19, 12:38:09.377, 483844126248, testhost.dll, SocketClient.Stop: Stop communication from server endpoint: 127.0.0.1:056496
TpTrace Information: 0 : 10080, 5, 2023/08/19, 12:38:09.377, 483844125689, testhost.dll, SocketClient.PrivateStop: Stop communication from server endpoint: 127.0.0.1:056496, error:
TpTrace Information: 0 : 10080, 1, 2023/08/19, 12:38:09.377, 483844126725, testhost.dll, SocketClient: Stop: Cancellation requested. Stopping message loop.
TpTrace Verbose: 0 : 10080, 1, 2023/08/19, 12:38:09.377, 483844128436, testhost.dll, LengthPrefixCommunicationChannel.Dispose: Dispose reader and writer.
TpTrace Verbose: 0 : 10080, 5, 2023/08/19, 12:38:09.377, 483844129151, testhost.dll, LengthPrefixCommunicationChannel.Dispose: Dispose reader and writer.
TpTrace Information: 0 : 10080, 1, 2023/08/19, 12:38:09.377, 483844129377, testhost.dll, Testhost process exiting.
TpTrace Verbose: 0 : 10080, 5, 2023/08/19, 12:38:09.377, 483844130265, testhost.dll, TcpClientExtensions.MessageLoopAsync: exiting MessageLoopAsync remoteEndPoint: [::ffff:127.0.0.1]:56496 localEndPoint: [::ffff:127.0.0.1]:56497
