TpTrace Verbose: 0 : 212, 1, 2023/08/19, 13:05:43.647, 500386829090, testhost.dll, Version: 17.3.2 Current process architecture: X64
TpTrace Verbose: 0 : 212, 1, 2023/08/19, 13:05:43.650, 500386857074, testhost.dll, Runtime location: C:\Program Files\dotnet\shared\Microsoft.NETCore.App\3.1.31
TpTrace Information: 0 : 212, 1, 2023/08/19, 13:05:43.651, 500386873341, testhost.dll, DefaultEngineInvoker.Invoke: Testhost process started with args :[--port, 57608],[--endpoint, 127.0.0.1:057608],[--role, client],[--parentprocessid, 21636],[--diag, C:\Users\Shakhriyor_Toylokov\Source\Repos\NewRepo2\FizzBuzz\FizzBuzzTests\bin\Debug\netcoreapp3.1\fine-code-coverage\coverage-tool-output\diagnostics.host.23-08-19_13-05-43_42360_7.log],[--tracelevel, 4],[--datacollectionport, 57607],[--telemetryoptedin, false]
TpTrace Information: 0 : 212, 1, 2023/08/19, 13:05:43.691, 500387273141, testhost.dll, Setting up debug trace listener.
TpTrace Verbose: 0 : 212, 1, 2023/08/19, 13:05:43.692, 500387277231, testhost.dll, TestPlatformTraceListener.Setup: Replacing listener System.Diagnostics.DefaultTraceListener with TestHostTraceListener.
TpTrace Verbose: 0 : 212, 1, 2023/08/19, 13:05:43.692, 500387278000, testhost.dll, TestPlatformTraceListener.Setup: Added test platform trace listener.
TpTrace Information: 0 : 212, 1, 2023/08/19, 13:05:43.693, 500387285156, testhost.dll, DefaultEngineInvoker.SetParentProcessExitCallback: Monitoring parent process with id: '21636'
TpTrace Information: 0 : 212, 1, 2023/08/19, 13:05:43.699, 500387354354, testhost.dll, DefaultEngineInvoker.GetConnectionInfo: Initialize communication on endpoint address: '127.0.0.1:057608'
TpTrace Information: 0 : 212, 1, 2023/08/19, 13:05:43.730, 500387659948, testhost.dll, SocketClient.Start: connecting to server endpoint: 127.0.0.1:057608
TpTrace Information: 0 : 212, 1, 2023/08/19, 13:05:43.737, 500387730391, testhost.dll, DefaultEngineInvoker.ConnectToDatacollector: Connecting to datacollector, port: 57607
TpTrace Information: 0 : 212, 5, 2023/08/19, 13:05:43.741, 500387765998, testhost.dll, SocketClient.OnServerConnected: connected to server endpoint: 127.0.0.1:057608
TpTrace Information: 0 : 212, 1, 2023/08/19, 13:05:43.742, 500387778033, testhost.dll, Trying to connect to server on socket : 127.0.0.1:57607 
TpTrace Verbose: 0 : 212, 1, 2023/08/19, 13:05:43.743, 500387786363, testhost.dll, SocketCommunicationManager : SetupClientAsync : Attempting to connect to the server.
TpTrace Verbose: 0 : 212, 5, 2023/08/19, 13:05:43.744, 500387799507, testhost.dll, MulticastDelegateUtilities.SafeInvoke: SocketClient: ServerConnected: Invoking callback 1/1 for Microsoft.VisualStudio.TestPlatform.CommunicationUtilities.TestRequestHandler.<InitializeCommunication>b__31_0, took 0 ms.
TpTrace Verbose: 0 : 212, 5, 2023/08/19, 13:05:43.744, 500387800220, testhost.dll, Connected to server, and starting MessageLoopAsync
TpTrace Information: 0 : 212, 9, 2023/08/19, 13:05:43.746, 500387819549, testhost.dll, Connected to the server successfully 
TpTrace Information: 0 : 212, 9, 2023/08/19, 13:05:43.746, 500387820734, testhost.dll, Using the buffer size of 16384 bytes
TpTrace Verbose: 0 : 212, 1, 2023/08/19, 13:05:43.746, 500387823441, testhost.dll, SocketCommunicationManager.WaitForServerConnection took: 1 ms, with 90000 ms timeout, and finished with True.
TpTrace Information: 0 : 212, 1, 2023/08/19, 13:05:43.747, 500387826289, testhost.dll, DefaultEngineInvoker.Invoke: Start Request Processing.
TpTrace Information: 0 : 212, 13, 2023/08/19, 13:05:43.748, 500387839823, testhost.dll, DefaultEngineInvoker.StartProcessingAsync: Connected to vstest.console, Starting process requests.
TpTrace Verbose: 0 : 212, 5, 2023/08/19, 13:05:43.749, 500387844636, testhost.dll, TcpClientExtensions.MessageLoopAsync: Polling on remoteEndPoint: [::ffff:127.0.0.1]:57608 localEndPoint: [::ffff:127.0.0.1]:57609
TpTrace Verbose: 0 : 212, 5, 2023/08/19, 13:05:43.749, 500387847933, testhost.dll, TcpClientExtensions.MessageLoopAsync: NotifyDataAvailable remoteEndPoint: [::ffff:127.0.0.1]:57608 localEndPoint: [::ffff:127.0.0.1]:57609
TpTrace Information: 0 : 212, 5, 2023/08/19, 13:05:43.754, 500387897575, testhost.dll, TestRequestHandler.OnMessageReceived: received message: (ProtocolVersion) -> {"MessageType":"ProtocolVersion","Payload":7}
TpTrace Verbose: 0 : 212, 5, 2023/08/19, 13:05:43.891, 500389267538, testhost.dll, TestRequestHandler.SendData: sending data from testhost: {"Version":7,"MessageType":"TestSession.Message","Payload":{"MessageLevel":0,"Message":"Logging TestHost Diagnostics in file: C:\\Users\\Shakhriyor_Toylokov\\Source\\Repos\\NewRepo2\\FizzBuzz\\FizzBuzzTests\\bin\\Debug\\netcoreapp3.1\\fine-code-coverage\\coverage-tool-output\\diagnostics.host.23-08-19_13-05-43_42360_7.log"}}
TpTrace Verbose: 0 : 212, 5, 2023/08/19, 13:05:43.891, 500389270865, testhost.dll, MulticastDelegateUtilities.SafeInvoke: LengthPrefixCommunicationChannel: MessageReceived: Invoking callback 1/1 for Microsoft.VisualStudio.TestPlatform.CommunicationUtilities.TestRequestHandler.OnMessageReceived, took 140 ms.
TpTrace Verbose: 0 : 212, 5, 2023/08/19, 13:05:43.892, 500389274780, testhost.dll, TcpClientExtensions.MessageLoopAsync: Polling on remoteEndPoint: [::ffff:127.0.0.1]:57608 localEndPoint: [::ffff:127.0.0.1]:57609
TpTrace Verbose: 0 : 212, 5, 2023/08/19, 13:05:43.892, 500389276376, testhost.dll, TcpClientExtensions.MessageLoopAsync: NotifyDataAvailable remoteEndPoint: [::ffff:127.0.0.1]:57608 localEndPoint: [::ffff:127.0.0.1]:57609
TpTrace Information: 0 : 212, 5, 2023/08/19, 13:05:43.892, 500389278238, testhost.dll, TestRequestHandler.OnMessageReceived: received message: (TestExecution.Initialize) -> {"Version":7,"MessageType":"TestExecution.Initialize","Payload":["C:\\Users\\Shakhriyor_Toylokov\\Source\\Repos\\NewRepo2\\FizzBuzz\\FizzBuzzTests\\bin\\Debug\\netcoreapp3.1\\fine-code-coverage\\build-output\\NUnit3.TestAdapter.dll"]}
TpTrace Verbose: 0 : 212, 5, 2023/08/19, 13:05:43.904, 500389399725, testhost.dll, MulticastDelegateUtilities.SafeInvoke: LengthPrefixCommunicationChannel: MessageReceived: Invoking callback 1/1 for Microsoft.VisualStudio.TestPlatform.CommunicationUtilities.TestRequestHandler.OnMessageReceived, took 12 ms.
TpTrace Verbose: 0 : 212, 5, 2023/08/19, 13:05:43.904, 500389400911, testhost.dll, TcpClientExtensions.MessageLoopAsync: Polling on remoteEndPoint: [::ffff:127.0.0.1]:57608 localEndPoint: [::ffff:127.0.0.1]:57609
TpTrace Verbose: 0 : 212, 5, 2023/08/19, 13:05:43.904, 500389401479, testhost.dll, TcpClientExtensions.MessageLoopAsync: NotifyDataAvailable remoteEndPoint: [::ffff:127.0.0.1]:57608 localEndPoint: [::ffff:127.0.0.1]:57609
TpTrace Information: 0 : 212, 5, 2023/08/19, 13:05:43.904, 500389402807, testhost.dll, TestRequestHandler.OnMessageReceived: received message: (TestExecution.StartWithSources) -> {"Version":7,"MessageType":"TestExecution.StartWithSources","Payload":{"AdapterSourceMap":{"_none_":["C:\\Users\\Shakhriyor_Toylokov\\Source\\Repos\\NewRepo2\\FizzBuzz\\FizzBuzzTests\\bin\\Debug\\netcoreapp3.1\\fine-code-coverage\\build-output\\FizzBuzzTests.dll"]},"RunSettings":"<RunSettings>\r\n  <RunConfiguration>\r\n    <ResultsDirectory>C:\\Users\\Shakhriyor_Toylokov\\Source\\Repos\\NewRepo2\\FizzBuzz\\FizzBuzzTests\\bin\\Debug\\netcoreapp3.1\\fine-code-coverage\\coverage-tool-output</ResultsDirectory>\r\n    <TargetFrameworkVersion>.NETCoreApp,Version=v3.1</TargetFrameworkVersion>\r\n    <DesignMode>False</DesignMode>\r\n    <CollectSourceInformation>False</CollectSourceInformation>\r\n  </RunConfiguration>\r\n  <LoggerRunSettings>\r\n    <Loggers>\r\n      <Logger friendlyName=\"blame\" enabled=\"True\" />\r\n      <Logger friendlyName=\"Console\" uri=\"logger://microsoft/TestPlatform/ConsoleLogger/v1\" assemblyQualifiedName=\"Microsoft.VisualStudio.TestPlatform.CommandLine.Internal.ConsoleLogger, vstest.console, Version=15.0.0.0, Culture=neutral, PublicKeyToken=b03f5f7f11d50a3a\" codeBase=\"C:\\Program Files\\dotnet\\sdk\\7.0.100\\vstest.console.dll\" enabled=\"True\" />\r\n    </Loggers>\r\n  </LoggerRunSettings>\r\n  <DataCollectionRunSettings>\r\n    <DataCollectors>\r\n      <DataCollector friendlyName=\"blame\" enabled=\"True\">\r\n        <Configuration>\r\n          <ResultsDirectory>C:\\Users\\Shakhriyor_Toylokov\\Source\\Repos\\NewRepo2\\FizzBuzz\\FizzBuzzTests\\bin\\Debug\\netcoreapp3.1\\fine-code-coverage\\coverage-tool-output</ResultsDirectory>\r\n        </Configuration>\r\n      </DataCollector>\r\n    </DataCollectors>\r\n  </DataCollectionRunSettings>\r\n</RunSettings>","TestExecutionContext":{"FrequencyOfRunStatsChangeEvent":10,"RunStatsChangeEventTimeout":"00:00:01.5000000","InIsolation":false,"KeepAlive":false,"AreTestCaseLevelEventsRequired":false,"IsDebug":false,"TestCaseFilter":null,"FilterOptions":null},"Package":null}}
TpTrace Information: 0 : 212, 4, 2023/08/19, 13:05:43.905, 500389404795, testhost.dll, TestRequestHandler.OnMessageReceived: Running job 'TestExecution.Initialize'.
TpTrace Verbose: 0 : 212, 4, 2023/08/19, 13:05:43.907, 500389432732, testhost.dll, TestExecutorService: Loading the extensions
TpTrace Verbose: 0 : 212, 4, 2023/08/19, 13:05:43.910, 500389461209, testhost.dll, TestPluginCache.DiscoverTestExtensions: finding test extensions in assemblies ends with: TestAdapter.dll TPluginInfo: Microsoft.VisualStudio.TestPlatform.Common.ExtensionFramework.Utilities.TestExecutorPluginInformation TExtension: Microsoft.VisualStudio.TestPlatform.ObjectModel.Adapter.ITestExecutor
TpTrace Verbose: 0 : 212, 4, 2023/08/19, 13:05:43.912, 500389476541, testhost.dll, TestPluginCache.GetExtensionPaths: Filtered extension paths: 
TpTrace Verbose: 0 : 212, 4, 2023/08/19, 13:05:43.912, 500389482990, testhost.dll, TestPluginCache.GetExtensionPaths: Added default extension paths: C:\Users\Shakhriyor_Toylokov\Source\Repos\NewRepo2\FizzBuzz\FizzBuzzTests\bin\Debug\netcoreapp3.1\fine-code-coverage\build-output\NUnit3.TestAdapter.dll
TpTrace Verbose: 0 : 212, 4, 2023/08/19, 13:05:43.912, 500389483962, testhost.dll, TestPluginCache.GetExtensionPaths: Added unfilterableExtensionPaths: 
TpTrace Information: 0 : 212, 4, 2023/08/19, 13:05:43.915, 500389512689, testhost.dll, AssemblyResolver.ctor: Creating AssemblyResolver with searchDirectories C:\Users\Shakhriyor_Toylokov\Source\Repos\NewRepo2\FizzBuzz\FizzBuzzTests\bin\Debug\netcoreapp3.1\fine-code-coverage\build-output
TpTrace Verbose: 0 : 212, 4, 2023/08/19, 13:05:43.918, 500389535948, testhost.dll, TestPluginCache.DiscoverTestExtensions: Discovering the extensions using extension path.
TpTrace Verbose: 0 : 212, 4, 2023/08/19, 13:05:43.918, 500389537129, testhost.dll, TestPluginCache.GetExtensionPaths: Filtered extension paths: 
TpTrace Verbose: 0 : 212, 4, 2023/08/19, 13:05:43.918, 500389537563, testhost.dll, TestPluginCache.GetExtensionPaths: Added default extension paths: C:\Users\Shakhriyor_Toylokov\Source\Repos\NewRepo2\FizzBuzz\FizzBuzzTests\bin\Debug\netcoreapp3.1\fine-code-coverage\build-output\NUnit3.TestAdapter.dll
TpTrace Verbose: 0 : 212, 4, 2023/08/19, 13:05:43.918, 500389537910, testhost.dll, TestPluginCache.GetExtensionPaths: Added unfilterableExtensionPaths: 
TpTrace Verbose: 0 : 212, 4, 2023/08/19, 13:05:43.918, 500389538525, testhost.dll, TestPluginCache.DiscoverTestExtensions: Discovering the extensions using allExtensionPaths: C:\Users\Shakhriyor_Toylokov\Source\Repos\NewRepo2\FizzBuzz\FizzBuzzTests\bin\Debug\netcoreapp3.1\fine-code-coverage\build-output\NUnit3.TestAdapter.dll
TpTrace Information: 0 : 212, 4, 2023/08/19, 13:05:43.919, 500389548077, testhost.dll, AssemblyResolver.AddSearchDirectories: Adding more searchDirectories C:\Users\Shakhriyor_Toylokov\Source\Repos\NewRepo2\FizzBuzz\FizzBuzzTests\bin\Debug\netcoreapp3.1\fine-code-coverage\build-output
TpTrace Information: 0 : 212, 4, 2023/08/19, 13:05:43.923, 500389588257, testhost.dll, AssemblyResolver.OnResolve: NUnit3.TestAdapter: Resolving assembly.
TpTrace Information: 0 : 212, 4, 2023/08/19, 13:05:43.923, 500389589356, testhost.dll, AssemblyResolver.OnResolve: NUnit3.TestAdapter: Searching in: 'C:\Users\Shakhriyor_Toylokov\Source\Repos\NewRepo2\FizzBuzz\FizzBuzzTests\bin\Debug\netcoreapp3.1\fine-code-coverage\build-output'.
TpTrace Information: 0 : 212, 4, 2023/08/19, 13:05:43.925, 500389606222, testhost.dll, AssemblyResolver.OnResolve: NUnit3.TestAdapter: Loading assembly 'C:\Users\Shakhriyor_Toylokov\Source\Repos\NewRepo2\FizzBuzz\FizzBuzzTests\bin\Debug\netcoreapp3.1\fine-code-coverage\build-output\NUnit3.TestAdapter.dll'.
TpTrace Information: 0 : 212, 4, 2023/08/19, 13:05:43.926, 500389616475, testhost.dll, AssemblyResolver.OnResolve: Resolved assembly: NUnit3.TestAdapter, from path: C:\Users\Shakhriyor_Toylokov\Source\Repos\NewRepo2\FizzBuzz\FizzBuzzTests\bin\Debug\netcoreapp3.1\fine-code-coverage\build-output\NUnit3.TestAdapter.dll
TpTrace Verbose: 0 : 212, 4, 2023/08/19, 13:05:43.937, 500389728739, testhost.dll, MetadataReaderExtensionsHelper: Discovering extensions inside assembly 'NUnit3.TestAdapter, Version=4.2.0.0, Culture=neutral, PublicKeyToken=4cb40d35494691ac' file path 'C:\Users\Shakhriyor_Toylokov\Source\Repos\NewRepo2\FizzBuzz\FizzBuzzTests\bin\Debug\netcoreapp3.1\fine-code-coverage\build-output\NUnit3.TestAdapter.dll'
TpTrace Verbose: 0 : 212, 5, 2023/08/19, 13:05:43.942, 500389780919, testhost.dll, MulticastDelegateUtilities.SafeInvoke: LengthPrefixCommunicationChannel: MessageReceived: Invoking callback 1/1 for Microsoft.VisualStudio.TestPlatform.CommunicationUtilities.TestRequestHandler.OnMessageReceived, took 37 ms.
TpTrace Verbose: 0 : 212, 5, 2023/08/19, 13:05:43.942, 500389782034, testhost.dll, TcpClientExtensions.MessageLoopAsync: Polling on remoteEndPoint: [::ffff:127.0.0.1]:57608 localEndPoint: [::ffff:127.0.0.1]:57609
TpTrace Information: 0 : 212, 4, 2023/08/19, 13:05:43.948, 500389837890, testhost.dll, AssemblyResolver.OnResolve: nunit.engine.api: Resolving assembly.
TpTrace Information: 0 : 212, 4, 2023/08/19, 13:05:43.948, 500389838851, testhost.dll, AssemblyResolver.OnResolve: nunit.engine.api: Searching in: 'C:\Users\Shakhriyor_Toylokov\Source\Repos\NewRepo2\FizzBuzz\FizzBuzzTests\bin\Debug\netcoreapp3.1\fine-code-coverage\build-output'.
TpTrace Information: 0 : 212, 4, 2023/08/19, 13:05:43.948, 500389841737, testhost.dll, AssemblyResolver.OnResolve: nunit.engine.api: Loading assembly 'C:\Users\Shakhriyor_Toylokov\Source\Repos\NewRepo2\FizzBuzz\FizzBuzzTests\bin\Debug\netcoreapp3.1\fine-code-coverage\build-output\nunit.engine.api.dll'.
TpTrace Information: 0 : 212, 4, 2023/08/19, 13:05:43.949, 500389847551, testhost.dll, AssemblyResolver.OnResolve: Resolved assembly: nunit.engine.api, from path: C:\Users\Shakhriyor_Toylokov\Source\Repos\NewRepo2\FizzBuzz\FizzBuzzTests\bin\Debug\netcoreapp3.1\fine-code-coverage\build-output\nunit.engine.api.dll
TpTrace Information: 0 : 212, 4, 2023/08/19, 13:05:43.951, 500389873688, testhost.dll, GetTestExtensionFromType: Register extension with identifier data 'executor://NUnit3TestExecutor' and type 'NUnit.VisualStudio.TestAdapter.NUnit3TestExecutor, NUnit3.TestAdapter, Version=4.2.0.0, Culture=neutral, PublicKeyToken=4cb40d35494691ac' inside file 'C:\Users\Shakhriyor_Toylokov\Source\Repos\NewRepo2\FizzBuzz\FizzBuzzTests\bin\Debug\netcoreapp3.1\fine-code-coverage\build-output\NUnit3.TestAdapter.dll'
TpTrace Verbose: 0 : 212, 4, 2023/08/19, 13:05:43.953, 500389893657, testhost.dll, TestPluginCache: Discovered the extensions using extension path ''.
TpTrace Verbose: 0 : 212, 4, 2023/08/19, 13:05:43.954, 500389901199, testhost.dll, TestPluginCache: Discoverers are ''.
TpTrace Verbose: 0 : 212, 4, 2023/08/19, 13:05:43.954, 500389902573, testhost.dll, TestPluginCache: Executors are 'executor://NUnit3TestExecutor'.
TpTrace Verbose: 0 : 212, 4, 2023/08/19, 13:05:43.954, 500389903628, testhost.dll, TestPluginCache: Executors2 are ''.
TpTrace Verbose: 0 : 212, 4, 2023/08/19, 13:05:43.955, 500389904534, testhost.dll, TestPluginCache: Setting providers are ''.
TpTrace Verbose: 0 : 212, 4, 2023/08/19, 13:05:43.955, 500389905631, testhost.dll, TestPluginCache: Loggers are ''.
TpTrace Verbose: 0 : 212, 4, 2023/08/19, 13:05:43.955, 500389906506, testhost.dll, TestPluginCache: TestHosts are ''.
TpTrace Verbose: 0 : 212, 4, 2023/08/19, 13:05:43.955, 500389907464, testhost.dll, TestPluginCache: DataCollectors are ''.
TpTrace Verbose: 0 : 212, 4, 2023/08/19, 13:05:43.958, 500389939207, testhost.dll, TestPluginCache.DiscoverTestExtensions: finding test extensions in assemblies ends with: TestAdapter.dll TPluginInfo: Microsoft.VisualStudio.TestPlatform.Common.ExtensionFramework.Utilities.TestExecutorPluginInformation2 TExtension: Microsoft.VisualStudio.TestPlatform.ObjectModel.Adapter.ITestExecutor2
TpTrace Verbose: 0 : 212, 4, 2023/08/19, 13:05:43.958, 500389941366, testhost.dll, TestPluginCache.GetExtensionPaths: Filtered extension paths: 
TpTrace Verbose: 0 : 212, 4, 2023/08/19, 13:05:43.958, 500389941919, testhost.dll, TestPluginCache.GetExtensionPaths: Added default extension paths: C:\Users\Shakhriyor_Toylokov\Source\Repos\NewRepo2\FizzBuzz\FizzBuzzTests\bin\Debug\netcoreapp3.1\fine-code-coverage\build-output\NUnit3.TestAdapter.dll
TpTrace Verbose: 0 : 212, 4, 2023/08/19, 13:05:43.958, 500389942233, testhost.dll, TestPluginCache.GetExtensionPaths: Added unfilterableExtensionPaths: 
TpTrace Information: 0 : 212, 4, 2023/08/19, 13:05:43.958, 500389944128, testhost.dll, AssemblyResolver.AddSearchDirectories: Adding more searchDirectories C:\Users\Shakhriyor_Toylokov\Source\Repos\NewRepo2\FizzBuzz\FizzBuzzTests\bin\Debug\netcoreapp3.1\fine-code-coverage\build-output
TpTrace Verbose: 0 : 212, 4, 2023/08/19, 13:05:43.959, 500389944712, testhost.dll, TestPluginCache.DiscoverTestExtensions: Discovering the extensions using extension path.
TpTrace Verbose: 0 : 212, 4, 2023/08/19, 13:05:43.959, 500389945100, testhost.dll, TestPluginCache.GetExtensionPaths: Filtered extension paths: 
TpTrace Verbose: 0 : 212, 4, 2023/08/19, 13:05:43.959, 500389945466, testhost.dll, TestPluginCache.GetExtensionPaths: Added default extension paths: C:\Users\Shakhriyor_Toylokov\Source\Repos\NewRepo2\FizzBuzz\FizzBuzzTests\bin\Debug\netcoreapp3.1\fine-code-coverage\build-output\NUnit3.TestAdapter.dll
TpTrace Verbose: 0 : 212, 4, 2023/08/19, 13:05:43.959, 500389945775, testhost.dll, TestPluginCache.GetExtensionPaths: Added unfilterableExtensionPaths: 
TpTrace Verbose: 0 : 212, 4, 2023/08/19, 13:05:43.959, 500389946106, testhost.dll, TestPluginCache.DiscoverTestExtensions: Discovering the extensions using allExtensionPaths: C:\Users\Shakhriyor_Toylokov\Source\Repos\NewRepo2\FizzBuzz\FizzBuzzTests\bin\Debug\netcoreapp3.1\fine-code-coverage\build-output\NUnit3.TestAdapter.dll
TpTrace Information: 0 : 212, 4, 2023/08/19, 13:05:43.959, 500389946516, testhost.dll, AssemblyResolver.AddSearchDirectories: Adding more searchDirectories C:\Users\Shakhriyor_Toylokov\Source\Repos\NewRepo2\FizzBuzz\FizzBuzzTests\bin\Debug\netcoreapp3.1\fine-code-coverage\build-output
TpTrace Verbose: 0 : 212, 4, 2023/08/19, 13:05:43.959, 500389947462, testhost.dll, MetadataReaderExtensionsHelper: Discovering extensions inside assembly 'NUnit3.TestAdapter, Version=4.2.0.0, Culture=neutral, PublicKeyToken=4cb40d35494691ac' file path 'C:\Users\Shakhriyor_Toylokov\Source\Repos\NewRepo2\FizzBuzz\FizzBuzzTests\bin\Debug\netcoreapp3.1\fine-code-coverage\build-output\NUnit3.TestAdapter.dll'
TpTrace Verbose: 0 : 212, 4, 2023/08/19, 13:05:43.959, 500389953660, testhost.dll, TestPluginCache: Discovered the extensions using extension path ''.
TpTrace Verbose: 0 : 212, 4, 2023/08/19, 13:05:43.959, 500389954221, testhost.dll, TestPluginCache: Discoverers are ''.
TpTrace Verbose: 0 : 212, 4, 2023/08/19, 13:05:43.960, 500389954619, testhost.dll, TestPluginCache: Executors are 'executor://NUnit3TestExecutor'.
TpTrace Verbose: 0 : 212, 4, 2023/08/19, 13:05:43.960, 500389955181, testhost.dll, TestPluginCache: Executors2 are ''.
TpTrace Verbose: 0 : 212, 4, 2023/08/19, 13:05:43.960, 500389955495, testhost.dll, TestPluginCache: Setting providers are ''.
TpTrace Verbose: 0 : 212, 4, 2023/08/19, 13:05:43.960, 500389955783, testhost.dll, TestPluginCache: Loggers are ''.
TpTrace Verbose: 0 : 212, 4, 2023/08/19, 13:05:43.960, 500389956068, testhost.dll, TestPluginCache: TestHosts are ''.
TpTrace Verbose: 0 : 212, 4, 2023/08/19, 13:05:43.960, 500389956351, testhost.dll, TestPluginCache: DataCollectors are ''.
TpTrace Information: 0 : 212, 4, 2023/08/19, 13:05:43.963, 500389993981, testhost.dll, TestPluginManager.CreateTestExtension: Attempting to load test extension: NUnit.VisualStudio.TestAdapter.NUnit3TestExecutor
TpTrace Verbose: 0 : 212, 4, 2023/08/19, 13:05:43.964, 500389998223, testhost.dll, TestExecutorExtensionManager: Loading executor NUnit.VisualStudio.TestAdapter.NUnit3TestExecutor
TpTrace Verbose: 0 : 212, 4, 2023/08/19, 13:05:43.964, 500389998737, testhost.dll, TestExecutorService: Loaded the executors
TpTrace Verbose: 0 : 212, 4, 2023/08/19, 13:05:43.965, 500390005995, testhost.dll, TestPluginCache.DiscoverTestExtensions: finding test extensions in assemblies ends with: TestAdapter.dll TPluginInfo: Microsoft.VisualStudio.TestPlatform.Common.ExtensionFramework.Utilities.TestSettingsProviderPluginInformation TExtension: Microsoft.VisualStudio.TestPlatform.ObjectModel.Adapter.ISettingsProvider
TpTrace Verbose: 0 : 212, 4, 2023/08/19, 13:05:43.965, 500390006924, testhost.dll, TestPluginCache.GetExtensionPaths: Filtered extension paths: 
TpTrace Verbose: 0 : 212, 4, 2023/08/19, 13:05:43.965, 500390007362, testhost.dll, TestPluginCache.GetExtensionPaths: Added default extension paths: C:\Users\Shakhriyor_Toylokov\Source\Repos\NewRepo2\FizzBuzz\FizzBuzzTests\bin\Debug\netcoreapp3.1\fine-code-coverage\build-output\NUnit3.TestAdapter.dll
TpTrace Verbose: 0 : 212, 4, 2023/08/19, 13:05:43.965, 500390007668, testhost.dll, TestPluginCache.GetExtensionPaths: Added unfilterableExtensionPaths: 
TpTrace Information: 0 : 212, 4, 2023/08/19, 13:05:43.965, 500390008898, testhost.dll, AssemblyResolver.AddSearchDirectories: Adding more searchDirectories C:\Users\Shakhriyor_Toylokov\Source\Repos\NewRepo2\FizzBuzz\FizzBuzzTests\bin\Debug\netcoreapp3.1\fine-code-coverage\build-output
TpTrace Verbose: 0 : 212, 4, 2023/08/19, 13:05:43.965, 500390009360, testhost.dll, TestPluginCache.DiscoverTestExtensions: Discovering the extensions using extension path.
TpTrace Verbose: 0 : 212, 4, 2023/08/19, 13:05:43.965, 500390009765, testhost.dll, TestPluginCache.GetExtensionPaths: Filtered extension paths: 
TpTrace Verbose: 0 : 212, 4, 2023/08/19, 13:05:43.965, 500390010088, testhost.dll, TestPluginCache.GetExtensionPaths: Added default extension paths: C:\Users\Shakhriyor_Toylokov\Source\Repos\NewRepo2\FizzBuzz\FizzBuzzTests\bin\Debug\netcoreapp3.1\fine-code-coverage\build-output\NUnit3.TestAdapter.dll
TpTrace Verbose: 0 : 212, 4, 2023/08/19, 13:05:43.965, 500390010431, testhost.dll, TestPluginCache.GetExtensionPaths: Added unfilterableExtensionPaths: 
TpTrace Verbose: 0 : 212, 4, 2023/08/19, 13:05:43.965, 500390010775, testhost.dll, TestPluginCache.DiscoverTestExtensions: Discovering the extensions using allExtensionPaths: C:\Users\Shakhriyor_Toylokov\Source\Repos\NewRepo2\FizzBuzz\FizzBuzzTests\bin\Debug\netcoreapp3.1\fine-code-coverage\build-output\NUnit3.TestAdapter.dll
TpTrace Information: 0 : 212, 4, 2023/08/19, 13:05:43.965, 500390011250, testhost.dll, AssemblyResolver.AddSearchDirectories: Adding more searchDirectories C:\Users\Shakhriyor_Toylokov\Source\Repos\NewRepo2\FizzBuzz\FizzBuzzTests\bin\Debug\netcoreapp3.1\fine-code-coverage\build-output
TpTrace Verbose: 0 : 212, 4, 2023/08/19, 13:05:43.965, 500390011925, testhost.dll, MetadataReaderExtensionsHelper: Discovering extensions inside assembly 'NUnit3.TestAdapter, Version=4.2.0.0, Culture=neutral, PublicKeyToken=4cb40d35494691ac' file path 'C:\Users\Shakhriyor_Toylokov\Source\Repos\NewRepo2\FizzBuzz\FizzBuzzTests\bin\Debug\netcoreapp3.1\fine-code-coverage\build-output\NUnit3.TestAdapter.dll'
TpTrace Verbose: 0 : 212, 4, 2023/08/19, 13:05:43.966, 500390016553, testhost.dll, TestPluginCache: Discovered the extensions using extension path ''.
TpTrace Verbose: 0 : 212, 4, 2023/08/19, 13:05:43.966, 500390017042, testhost.dll, TestPluginCache: Discoverers are ''.
TpTrace Verbose: 0 : 212, 4, 2023/08/19, 13:05:43.966, 500390017420, testhost.dll, TestPluginCache: Executors are 'executor://NUnit3TestExecutor'.
TpTrace Verbose: 0 : 212, 4, 2023/08/19, 13:05:43.966, 500390017720, testhost.dll, TestPluginCache: Executors2 are ''.
TpTrace Verbose: 0 : 212, 4, 2023/08/19, 13:05:43.966, 500390018108, testhost.dll, TestPluginCache: Setting providers are ''.
TpTrace Verbose: 0 : 212, 4, 2023/08/19, 13:05:43.966, 500390018551, testhost.dll, TestPluginCache: Loggers are ''.
TpTrace Verbose: 0 : 212, 4, 2023/08/19, 13:05:43.966, 500390018855, testhost.dll, TestPluginCache: TestHosts are ''.
TpTrace Verbose: 0 : 212, 4, 2023/08/19, 13:05:43.966, 500390019146, testhost.dll, TestPluginCache: DataCollectors are ''.
TpTrace Verbose: 0 : 212, 4, 2023/08/19, 13:05:43.967, 500390027326, testhost.dll, TestExecutorService: Loaded the settings providers
TpTrace Information: 0 : 212, 4, 2023/08/19, 13:05:43.967, 500390027900, testhost.dll, TestExecutorService: Loaded the extensions
TpTrace Information: 0 : 212, 4, 2023/08/19, 13:05:43.967, 500390032209, testhost.dll, TestRequestHandler.OnMessageReceived: Running job 'TestExecution.StartWithSources'.
TpTrace Verbose: 0 : 212, 4, 2023/08/19, 13:05:44.068, 500391041392, testhost.dll, MulticastDelegateUtilities.SafeInvoke: TestCaseEventsHandler.RaiseSessionStart: Invoking callbacks was skipped because there are no subscribers.
TpTrace Information: 0 : 212, 4, 2023/08/19, 13:05:44.077, 500391131623, testhost.dll, TestDiscoveryManager: Discovering tests from sources C:\Users\Shakhriyor_Toylokov\Source\Repos\NewRepo2\FizzBuzz\FizzBuzzTests\bin\Debug\netcoreapp3.1\fine-code-coverage\build-output\FizzBuzzTests.dll
TpTrace Verbose: 0 : 212, 4, 2023/08/19, 13:05:44.081, 500391167781, testhost.dll, TestPluginCache.DiscoverTestExtensions: finding test extensions in assemblies ends with: TestAdapter.dll TPluginInfo: Microsoft.VisualStudio.TestPlatform.Common.ExtensionFramework.Utilities.TestDiscovererPluginInformation TExtension: Microsoft.VisualStudio.TestPlatform.ObjectModel.Adapter.ITestDiscoverer
TpTrace Verbose: 0 : 212, 4, 2023/08/19, 13:05:44.081, 500391170276, testhost.dll, TestPluginCache.GetExtensionPaths: Filtered extension paths: 
TpTrace Verbose: 0 : 212, 4, 2023/08/19, 13:05:44.081, 500391171237, testhost.dll, TestPluginCache.GetExtensionPaths: Added default extension paths: C:\Users\Shakhriyor_Toylokov\Source\Repos\NewRepo2\FizzBuzz\FizzBuzzTests\bin\Debug\netcoreapp3.1\fine-code-coverage\build-output\NUnit3.TestAdapter.dll
TpTrace Verbose: 0 : 212, 4, 2023/08/19, 13:05:44.081, 500391171935, testhost.dll, TestPluginCache.GetExtensionPaths: Added unfilterableExtensionPaths: 
TpTrace Information: 0 : 212, 4, 2023/08/19, 13:05:44.082, 500391174617, testhost.dll, AssemblyResolver.AddSearchDirectories: Adding more searchDirectories C:\Users\Shakhriyor_Toylokov\Source\Repos\NewRepo2\FizzBuzz\FizzBuzzTests\bin\Debug\netcoreapp3.1\fine-code-coverage\build-output
TpTrace Verbose: 0 : 212, 4, 2023/08/19, 13:05:44.082, 500391175820, testhost.dll, TestPluginCache.DiscoverTestExtensions: Discovering the extensions using extension path.
TpTrace Verbose: 0 : 212, 4, 2023/08/19, 13:05:44.082, 500391176747, testhost.dll, TestPluginCache.GetExtensionPaths: Filtered extension paths: 
TpTrace Verbose: 0 : 212, 4, 2023/08/19, 13:05:44.082, 500391177554, testhost.dll, TestPluginCache.GetExtensionPaths: Added default extension paths: C:\Users\Shakhriyor_Toylokov\Source\Repos\NewRepo2\FizzBuzz\FizzBuzzTests\bin\Debug\netcoreapp3.1\fine-code-coverage\build-output\NUnit3.TestAdapter.dll
TpTrace Verbose: 0 : 212, 4, 2023/08/19, 13:05:44.082, 500391178295, testhost.dll, TestPluginCache.GetExtensionPaths: Added unfilterableExtensionPaths: 
TpTrace Verbose: 0 : 212, 4, 2023/08/19, 13:05:44.082, 500391181482, testhost.dll, TestPluginCache.DiscoverTestExtensions: Discovering the extensions using allExtensionPaths: C:\Users\Shakhriyor_Toylokov\Source\Repos\NewRepo2\FizzBuzz\FizzBuzzTests\bin\Debug\netcoreapp3.1\fine-code-coverage\build-output\NUnit3.TestAdapter.dll
TpTrace Information: 0 : 212, 4, 2023/08/19, 13:05:44.082, 500391182737, testhost.dll, AssemblyResolver.AddSearchDirectories: Adding more searchDirectories C:\Users\Shakhriyor_Toylokov\Source\Repos\NewRepo2\FizzBuzz\FizzBuzzTests\bin\Debug\netcoreapp3.1\fine-code-coverage\build-output
TpTrace Verbose: 0 : 212, 4, 2023/08/19, 13:05:44.083, 500391185215, testhost.dll, MetadataReaderExtensionsHelper: Discovering extensions inside assembly 'NUnit3.TestAdapter, Version=4.2.0.0, Culture=neutral, PublicKeyToken=4cb40d35494691ac' file path 'C:\Users\Shakhriyor_Toylokov\Source\Repos\NewRepo2\FizzBuzz\FizzBuzzTests\bin\Debug\netcoreapp3.1\fine-code-coverage\build-output\NUnit3.TestAdapter.dll'
TpTrace Information: 0 : 212, 4, 2023/08/19, 13:05:44.087, 500391229331, testhost.dll, AssemblyResolver.OnResolve: System.ComponentModel.Primitives.resources: Resolving assembly.
TpTrace Information: 0 : 212, 4, 2023/08/19, 13:05:44.087, 500391230535, testhost.dll, AssemblyResolver.OnResolve: System.ComponentModel.Primitives.resources: Searching in: 'C:\Users\Shakhriyor_Toylokov\Source\Repos\NewRepo2\FizzBuzz\FizzBuzzTests\bin\Debug\netcoreapp3.1\fine-code-coverage\build-output'.
TpTrace Information: 0 : 212, 4, 2023/08/19, 13:05:44.087, 500391231749, testhost.dll, AssemblyResolver.OnResolve: System.ComponentModel.Primitives.resources: Assembly path does not exist: 'C:\Users\Shakhriyor_Toylokov\Source\Repos\NewRepo2\FizzBuzz\FizzBuzzTests\bin\Debug\netcoreapp3.1\fine-code-coverage\build-output\System.ComponentModel.Primitives.resources.dll', returning.
TpTrace Information: 0 : 212, 4, 2023/08/19, 13:05:44.087, 500391232712, testhost.dll, AssemblyResolver.OnResolve: System.ComponentModel.Primitives.resources: Assembly path does not exist: 'C:\Users\Shakhriyor_Toylokov\Source\Repos\NewRepo2\FizzBuzz\FizzBuzzTests\bin\Debug\netcoreapp3.1\fine-code-coverage\build-output\System.ComponentModel.Primitives.resources.exe', returning.
TpTrace Information: 0 : 212, 4, 2023/08/19, 13:05:44.087, 500391233318, testhost.dll, AssemblyResolver.OnResolve: System.ComponentModel.Primitives.resources: Failed to load assembly.
TpTrace Verbose: 0 : 212, 4, 2023/08/19, 13:05:44.088, 500391238687, testhost.dll, CurrentDomainAssemblyResolve: Resolving assembly 'System.ComponentModel.Primitives.resources'.
TpTrace Information: 0 : 212, 4, 2023/08/19, 13:05:44.088, 500391240253, testhost.dll, AssemblyResolver.OnResolve: System.ComponentModel.Primitives.resources: Resolving assembly.
TpTrace Information: 0 : 212, 4, 2023/08/19, 13:05:44.088, 500391240850, testhost.dll, AssemblyResolver.OnResolve: System.ComponentModel.Primitives.resources: Resolved from cache.
TpTrace Verbose: 0 : 212, 4, 2023/08/19, 13:05:44.088, 500391241430, testhost.dll, CurrentDomainAssemblyResolve: Resolving assembly 'System.ComponentModel.Primitives.resources'.
TpTrace Verbose: 0 : 212, 4, 2023/08/19, 13:05:44.088, 500391242114, testhost.dll, CurrentDomainAssemblyResolve: Failed to resolve assembly 'System.ComponentModel.Primitives.resources'.
TpTrace Verbose: 0 : 212, 4, 2023/08/19, 13:05:44.090, 500391254650, testhost.dll, CurrentDomainAssemblyResolve: Failed to resolve assembly 'System.ComponentModel.Primitives.resources'.
TpTrace Information: 0 : 212, 4, 2023/08/19, 13:05:44.090, 500391259429, testhost.dll, AssemblyResolver.OnResolve: System.ComponentModel.Primitives.resources: Resolving assembly.
TpTrace Information: 0 : 212, 4, 2023/08/19, 13:05:44.090, 500391260182, testhost.dll, AssemblyResolver.OnResolve: System.ComponentModel.Primitives.resources: Resolved from cache.
TpTrace Verbose: 0 : 212, 4, 2023/08/19, 13:05:44.090, 500391260756, testhost.dll, CurrentDomainAssemblyResolve: Resolving assembly 'System.ComponentModel.Primitives.resources'.
TpTrace Verbose: 0 : 212, 4, 2023/08/19, 13:05:44.090, 500391261247, testhost.dll, CurrentDomainAssemblyResolve: Failed to resolve assembly 'System.ComponentModel.Primitives.resources'.
TpTrace Information: 0 : 212, 4, 2023/08/19, 13:05:44.091, 500391272135, testhost.dll, GetTestExtensionFromType: Register extension with identifier data 'NUnit.VisualStudio.TestAdapter.NUnit3TestDiscoverer, NUnit3.TestAdapter, Version=4.2.0.0, Culture=neutral, PublicKeyToken=4cb40d35494691ac' and type 'NUnit.VisualStudio.TestAdapter.NUnit3TestDiscoverer, NUnit3.TestAdapter, Version=4.2.0.0, Culture=neutral, PublicKeyToken=4cb40d35494691ac' inside file 'C:\Users\Shakhriyor_Toylokov\Source\Repos\NewRepo2\FizzBuzz\FizzBuzzTests\bin\Debug\netcoreapp3.1\fine-code-coverage\build-output\NUnit3.TestAdapter.dll'
TpTrace Verbose: 0 : 212, 4, 2023/08/19, 13:05:44.092, 500391275296, testhost.dll, TestPluginCache: Discovered the extensions using extension path ''.
TpTrace Verbose: 0 : 212, 4, 2023/08/19, 13:05:44.092, 500391276359, testhost.dll, TestPluginCache: Discoverers are 'NUnit.VisualStudio.TestAdapter.NUnit3TestDiscoverer, NUnit3.TestAdapter, Version=4.2.0.0, Culture=neutral, PublicKeyToken=4cb40d35494691ac'.
TpTrace Verbose: 0 : 212, 4, 2023/08/19, 13:05:44.092, 500391276874, testhost.dll, TestPluginCache: Executors are 'executor://NUnit3TestExecutor'.
TpTrace Verbose: 0 : 212, 4, 2023/08/19, 13:05:44.092, 500391277515, testhost.dll, TestPluginCache: Executors2 are ''.
TpTrace Verbose: 0 : 212, 4, 2023/08/19, 13:05:44.092, 500391277973, testhost.dll, TestPluginCache: Setting providers are ''.
TpTrace Verbose: 0 : 212, 4, 2023/08/19, 13:05:44.092, 500391278366, testhost.dll, TestPluginCache: Loggers are ''.
TpTrace Verbose: 0 : 212, 4, 2023/08/19, 13:05:44.092, 500391278742, testhost.dll, TestPluginCache: TestHosts are ''.
TpTrace Verbose: 0 : 212, 4, 2023/08/19, 13:05:44.092, 500391279116, testhost.dll, TestPluginCache: DataCollectors are ''.
TpTrace Information: 0 : 212, 4, 2023/08/19, 13:05:44.098, 500391341161, testhost.dll, PEReaderHelper.GetAssemblyType: Determined assemblyType:'Managed' for source: 'C:\Users\Shakhriyor_Toylokov\Source\Repos\NewRepo2\FizzBuzz\FizzBuzzTests\bin\Debug\netcoreapp3.1\fine-code-coverage\build-output\FizzBuzzTests.dll'
TpTrace Verbose: 0 : 212, 4, 2023/08/19, 13:05:44.107, 500391429557, testhost.dll, BaseRunTests.RunTestInternalWithExecutors: Running tests for executor://NUnit3TestExecutor
TpTrace Information: 0 : 212, 4, 2023/08/19, 13:05:44.112, 500391480492, testhost.dll, AssemblyResolver.OnResolve: nunit.engine.core: Resolving assembly.
TpTrace Information: 0 : 212, 4, 2023/08/19, 13:05:44.112, 500391482104, testhost.dll, AssemblyResolver.OnResolve: nunit.engine.core: Searching in: 'C:\Users\Shakhriyor_Toylokov\Source\Repos\NewRepo2\FizzBuzz\FizzBuzzTests\bin\Debug\netcoreapp3.1\fine-code-coverage\build-output'.
TpTrace Information: 0 : 212, 4, 2023/08/19, 13:05:44.113, 500391485891, testhost.dll, AssemblyResolver.OnResolve: nunit.engine.core: Loading assembly 'C:\Users\Shakhriyor_Toylokov\Source\Repos\NewRepo2\FizzBuzz\FizzBuzzTests\bin\Debug\netcoreapp3.1\fine-code-coverage\build-output\nunit.engine.core.dll'.
TpTrace Information: 0 : 212, 4, 2023/08/19, 13:05:44.113, 500391493498, testhost.dll, AssemblyResolver.OnResolve: Resolved assembly: nunit.engine.core, from path: C:\Users\Shakhriyor_Toylokov\Source\Repos\NewRepo2\FizzBuzz\FizzBuzzTests\bin\Debug\netcoreapp3.1\fine-code-coverage\build-output\nunit.engine.core.dll
TpTrace Information: 0 : 212, 4, 2023/08/19, 13:05:44.126, 500391617980, testhost.dll, NUnit Adapter 4.2.0.0: Test execution started
TpTrace Verbose: 0 : 212, 4, 2023/08/19, 13:05:44.126, 500391619861, testhost.dll, TestRequestHandler.SendData: sending data from testhost: {"Version":7,"MessageType":"TestSession.Message","Payload":{"MessageLevel":0,"Message":"NUnit Adapter 4.2.0.0: Test execution started"}}
TpTrace Verbose: 0 : 212, 4, 2023/08/19, 13:05:44.126, 500391622038, testhost.dll, MulticastDelegateUtilities.SafeInvoke: TestRunMessageLoggerProxy.SendMessage: Invoking callback 1/1 for Microsoft.VisualStudio.TestPlatform.CrossPlatEngine.Execution.RunTestsWithSources.OnTestRunMessage, took 0 ms.
TpTrace Information: 0 : 212, 4, 2023/08/19, 13:05:44.168, 500392040937, testhost.dll, Running all tests in C:\Users\Shakhriyor_Toylokov\Source\Repos\NewRepo2\FizzBuzz\FizzBuzzTests\bin\Debug\netcoreapp3.1\fine-code-coverage\build-output\FizzBuzzTests.dll
TpTrace Verbose: 0 : 212, 4, 2023/08/19, 13:05:44.168, 500392042878, testhost.dll, TestRequestHandler.SendData: sending data from testhost: {"Version":7,"MessageType":"TestSession.Message","Payload":{"MessageLevel":0,"Message":"Running all tests in C:\\Users\\Shakhriyor_Toylokov\\Source\\Repos\\NewRepo2\\FizzBuzz\\FizzBuzzTests\\bin\\Debug\\netcoreapp3.1\\fine-code-coverage\\build-output\\FizzBuzzTests.dll"}}
TpTrace Verbose: 0 : 212, 4, 2023/08/19, 13:05:44.169, 500392044515, testhost.dll, MulticastDelegateUtilities.SafeInvoke: TestRunMessageLoggerProxy.SendMessage: Invoking callback 1/1 for Microsoft.VisualStudio.TestPlatform.CrossPlatEngine.Execution.RunTestsWithSources.OnTestRunMessage, took 0 ms.
TpTrace Information: 0 : 212, 4, 2023/08/19, 13:05:44.179, 500392148785, testhost.dll, AssemblyResolver.OnResolve: testcentric.engine.metadata: Resolving assembly.
TpTrace Information: 0 : 212, 4, 2023/08/19, 13:05:44.179, 500392150014, testhost.dll, AssemblyResolver.OnResolve: testcentric.engine.metadata: Searching in: 'C:\Users\Shakhriyor_Toylokov\Source\Repos\NewRepo2\FizzBuzz\FizzBuzzTests\bin\Debug\netcoreapp3.1\fine-code-coverage\build-output'.
TpTrace Information: 0 : 212, 4, 2023/08/19, 13:05:44.179, 500392153759, testhost.dll, AssemblyResolver.OnResolve: testcentric.engine.metadata: Loading assembly 'C:\Users\Shakhriyor_Toylokov\Source\Repos\NewRepo2\FizzBuzz\FizzBuzzTests\bin\Debug\netcoreapp3.1\fine-code-coverage\build-output\testcentric.engine.metadata.dll'.
TpTrace Information: 0 : 212, 4, 2023/08/19, 13:05:44.180, 500392162121, testhost.dll, AssemblyResolver.OnResolve: Resolved assembly: testcentric.engine.metadata, from path: C:\Users\Shakhriyor_Toylokov\Source\Repos\NewRepo2\FizzBuzz\FizzBuzzTests\bin\Debug\netcoreapp3.1\fine-code-coverage\build-output\testcentric.engine.metadata.dll
TpTrace Information: 0 : 212, 4, 2023/08/19, 13:05:44.344, 500393803551, testhost.dll,    NUnit3TestExecutor discovered 2 of 2 NUnit test cases using Current Discovery mode, Non-Explicit run
TpTrace Verbose: 0 : 212, 4, 2023/08/19, 13:05:44.345, 500393805148, testhost.dll, TestRequestHandler.SendData: sending data from testhost: {"Version":7,"MessageType":"TestSession.Message","Payload":{"MessageLevel":0,"Message":"   NUnit3TestExecutor discovered 2 of 2 NUnit test cases using Current Discovery mode, Non-Explicit run"}}
TpTrace Verbose: 0 : 212, 4, 2023/08/19, 13:05:44.345, 500393806451, testhost.dll, MulticastDelegateUtilities.SafeInvoke: TestRunMessageLoggerProxy.SendMessage: Invoking callback 1/1 for Microsoft.VisualStudio.TestPlatform.CrossPlatEngine.Execution.RunTestsWithSources.OnTestRunMessage, took 0 ms.
TpTrace Verbose: 0 : 212, 14, 2023/08/19, 13:05:44.374, 500394097435, testhost.dll, TestExecutionRecorder.RecordStart: Starting test: FizzBuzzTests.Tests.check_FizzBuzz_ReturnsCorrectStrings.
TpTrace Verbose: 0 : 212, 14, 2023/08/19, 13:05:44.426, 500394615905, testhost.dll, MulticastDelegateUtilities.SafeInvoke: TestCaseEventsHandler.RaiseTestCaseStart: Invoking callback 1/1 for Microsoft.VisualStudio.TestPlatform.CrossPlatEngine.DataCollection.ProxyOutOfProcDataCollectionManager.TriggerTestCaseStart, took 41 ms.
TpTrace Verbose: 0 : 212, 14, 2023/08/19, 13:05:44.437, 500394731015, testhost.dll, TestExecutionRecorder.RecordEnd: test: FizzBuzzTests.Tests.check_FizzBuzz_ReturnsCorrectStrings execution completed.
TpTrace Verbose: 0 : 212, 14, 2023/08/19, 13:05:44.455, 500394904706, testhost.dll, MulticastDelegateUtilities.SafeInvoke: TestCaseEventsHandler.RaiseTestCaseEnd: Invoking callback 1/1 for Microsoft.VisualStudio.TestPlatform.CrossPlatEngine.DataCollection.ProxyOutOfProcDataCollectionManager.TriggerTestCaseEnd, took 16 ms.
TpTrace Verbose: 0 : 212, 14, 2023/08/19, 13:05:44.456, 500394919621, testhost.dll, TestExecutionRecorder.RecordResult: Received result for test: FizzBuzzTests.Tests.check_FizzBuzz_ReturnsCorrectStrings.
TpTrace Verbose: 0 : 212, 14, 2023/08/19, 13:05:44.457, 500394931818, testhost.dll, MulticastDelegateUtilities.SafeInvoke: TestCaseEventsHandler.RaiseTestCaseEnd: Invoking callback 1/1 for Microsoft.VisualStudio.TestPlatform.CrossPlatEngine.DataCollection.ProxyOutOfProcDataCollectionManager.TriggerSendTestResult, took 0 ms.
TpTrace Warning: 0 : 212, 14, 2023/08/19, 13:05:44.461, 500394968173, testhost.dll, TestRunCache: InProgressTests is null
TpTrace Warning: 0 : 212, 14, 2023/08/19, 13:05:44.461, 500394970170, testhost.dll, TestRunCache: No test found corresponding to testResult 'check_FizzBuzz_ReturnsCorrectStrings' in inProgress list.
TpTrace Verbose: 0 : 212, 14, 2023/08/19, 13:05:44.461, 500394972725, testhost.dll, TestExecutionRecorder.RecordStart: Starting test: FizzBuzzTests.Tests.checkFizzBuzz_ThrowsException_WhenInvalidNumberGiven.
TpTrace Verbose: 0 : 212, 14, 2023/08/19, 13:05:44.464, 500394995035, testhost.dll, MulticastDelegateUtilities.SafeInvoke: TestCaseEventsHandler.RaiseTestCaseStart: Invoking callback 1/1 for Microsoft.VisualStudio.TestPlatform.CrossPlatEngine.DataCollection.ProxyOutOfProcDataCollectionManager.TriggerTestCaseStart, took 2 ms.
TpTrace Verbose: 0 : 212, 14, 2023/08/19, 13:05:44.464, 500394999943, testhost.dll, TestExecutionRecorder.RecordEnd: test: FizzBuzzTests.Tests.checkFizzBuzz_ThrowsException_WhenInvalidNumberGiven execution completed.
TpTrace Verbose: 0 : 212, 14, 2023/08/19, 13:05:44.466, 500395020268, testhost.dll, MulticastDelegateUtilities.SafeInvoke: TestCaseEventsHandler.RaiseTestCaseEnd: Invoking callback 1/1 for Microsoft.VisualStudio.TestPlatform.CrossPlatEngine.DataCollection.ProxyOutOfProcDataCollectionManager.TriggerTestCaseEnd, took 1 ms.
TpTrace Verbose: 0 : 212, 14, 2023/08/19, 13:05:44.466, 500395024075, testhost.dll, TestExecutionRecorder.RecordResult: Received result for test: FizzBuzzTests.Tests.checkFizzBuzz_ThrowsException_WhenInvalidNumberGiven.
TpTrace Verbose: 0 : 212, 14, 2023/08/19, 13:05:44.467, 500395025391, testhost.dll, MulticastDelegateUtilities.SafeInvoke: TestCaseEventsHandler.RaiseTestCaseEnd: Invoking callback 1/1 for Microsoft.VisualStudio.TestPlatform.CrossPlatEngine.DataCollection.ProxyOutOfProcDataCollectionManager.TriggerSendTestResult, took 0 ms.
TpTrace Warning: 0 : 212, 14, 2023/08/19, 13:05:44.467, 500395026366, testhost.dll, TestRunCache: InProgressTests is null
TpTrace Warning: 0 : 212, 14, 2023/08/19, 13:05:44.467, 500395027000, testhost.dll, TestRunCache: No test found corresponding to testResult 'checkFizzBuzz_ThrowsException_WhenInvalidNumberGiven' in inProgress list.
TpTrace Information: 0 : 212, 4, 2023/08/19, 13:05:44.474, 500395100110, testhost.dll, NUnit Adapter 4.2.0.0: Test execution complete
TpTrace Verbose: 0 : 212, 4, 2023/08/19, 13:05:44.474, 500395102139, testhost.dll, TestRequestHandler.SendData: sending data from testhost: {"Version":7,"MessageType":"TestSession.Message","Payload":{"MessageLevel":0,"Message":"NUnit Adapter 4.2.0.0: Test execution complete"}}
TpTrace Verbose: 0 : 212, 4, 2023/08/19, 13:05:44.474, 500395104395, testhost.dll, MulticastDelegateUtilities.SafeInvoke: TestRunMessageLoggerProxy.SendMessage: Invoking callback 1/1 for Microsoft.VisualStudio.TestPlatform.CrossPlatEngine.Execution.RunTestsWithSources.OnTestRunMessage, took 0 ms.
TpTrace Verbose: 0 : 212, 4, 2023/08/19, 13:05:44.483, 500395190104, testhost.dll, BaseRunTests.RunTestInternalWithExecutors: Completed running tests for executor://NUnit3TestExecutor
TpTrace Verbose: 0 : 212, 4, 2023/08/19, 13:05:44.485, 500395210552, testhost.dll, MulticastDelegateUtilities.SafeInvoke: TestCaseEventsHandler.RaiseSessionEnd: Invoking callback 1/1 for Microsoft.VisualStudio.TestPlatform.CrossPlatEngine.DataCollection.ProxyOutOfProcDataCollectionManager.TriggerTestSessionEnd, took 1 ms.
TpTrace Information: 0 : 212, 4, 2023/08/19, 13:05:44.491, 500395268191, testhost.dll, Sending test run complete
TpTrace Verbose: 0 : 212, 4, 2023/08/19, 13:05:44.534, 500395695114, testhost.dll, TestRequestHandler.SendData: sending data from testhost: {"Version":7,"MessageType":"TestExecution.Completed","Payload":{"TestRunCompleteArgs":{"TestRunStatistics":{"ExecutedTests":2,"Stats":{"Passed":2}},"IsCanceled":false,"IsAborted":false,"Error":null,"AttachmentSets":[],"InvokedDataCollectors":[],"ElapsedTimeInRunningTests":"00:00:00.3830908","Metrics":{},"DiscoveredExtensions":{"TestDiscoverers":["NUnit.VisualStudio.TestAdapter.NUnit3TestDiscoverer, NUnit3.TestAdapter, Version=4.2.0.0, Culture=neutral, PublicKeyToken=4cb40d35494691ac"],"TestExecutors":["executor://NUnit3TestExecutor"],"TestExecutors2":[],"TestSettingsProviders":[]}},"LastRunTests":{"NewTestResults":[{"TestCase":{"Id":"bb19ef79-d5f5-e0f5-2070-bd220f27bc1a","FullyQualifiedName":"FizzBuzzTests.Tests.check_FizzBuzz_ReturnsCorrectStrings","DisplayName":"check_FizzBuzz_ReturnsCorrectStrings","ExecutorUri":"executor://NUnit3TestExecutor","Source":"C:\\Users\\Shakhriyor_Toylokov\\Source\\Repos\\NewRepo2\\FizzBuzz\\FizzBuzzTests\\bin\\Debug\\netcoreapp3.1\\fine-code-coverage\\build-output\\FizzBuzzTests.dll","CodeFilePath":null,"LineNumber":0,"Properties":[{"Key":{"Id":"NUnit.Seed","Label":"Seed","Category":"","Description":"","Attributes":0,"ValueType":"System.String"},"Value":"363282941"}]},"Attachments":[],"Outcome":1,"ErrorMessage":null,"ErrorStackTrace":null,"DisplayName":"check_FizzBuzz_ReturnsCorrectStrings","Messages":[],"ComputerName":"EPUZTASW0474","Duration":"00:00:00.0136670","StartTime":"2023-08-19T08:05:44.3727727+00:00","EndTime":"2023-08-19T08:05:44.386362+00:00","Properties":[{"Key":{"Id":"NUnit.Seed","Label":"Seed","Category":"","Description":"","Attributes":0,"ValueType":"System.String"},"Value":"363282941"}]},{"TestCase":{"Id":"4a1fc106-f431-74d0-0f80-2b689289dd2f","FullyQualifiedName":"FizzBuzzTests.Tests.checkFizzBuzz_ThrowsException_WhenInvalidNumberGiven","DisplayName":"checkFizzBuzz_ThrowsException_WhenInvalidNumberGiven","ExecutorUri":"executor://NUnit3TestExecutor","Source":"C:\\Users\\Shakhriyor_Toylokov\\Source\\Repos\\NewRepo2\\FizzBuzz\\FizzBuzzTests\\bin\\Debug\\netcoreapp3.1\\fine-code-coverage\\build-output\\FizzBuzzTests.dll","CodeFilePath":null,"LineNumber":0,"Properties":[{"Key":{"Id":"NUnit.Seed","Label":"Seed","Category":"","Description":"","Attributes":0,"ValueType":"System.String"},"Value":"1613873158"}]},"Attachments":[],"Outcome":1,"ErrorMessage":null,"ErrorStackTrace":null,"DisplayName":"checkFizzBuzz_ThrowsException_WhenInvalidNumberGiven","Messages":[],"ComputerName":"EPUZTASW0474","Duration":"00:00:00.0053770","StartTime":"2023-08-19T08:05:44.3880397+00:00","EndTime":"2023-08-19T08:05:44.3934141+00:00","Properties":[{"Key":{"Id":"NUnit.Seed","Label":"Seed","Category":"","Description":"","Attributes":0,"ValueType":"System.String"},"Value":"1613873158"}]}],"TestRunStatistics":{"ExecutedTests":2,"Stats":{"Passed":2}},"ActiveTests":[]},"RunAttachments":[],"ExecutorUris":["executor://nunit3testexecutor/"]}}
TpTrace Verbose: 0 : 212, 4, 2023/08/19, 13:05:44.534, 500395698573, testhost.dll, BaseRunTests.RunTests: Run is complete.
TpTrace Verbose: 0 : 212, 5, 2023/08/19, 13:05:44.535, 500395708990, testhost.dll, TcpClientExtensions.MessageLoopAsync: NotifyDataAvailable remoteEndPoint: [::ffff:127.0.0.1]:57608 localEndPoint: [::ffff:127.0.0.1]:57609
TpTrace Information: 0 : 212, 5, 2023/08/19, 13:05:44.535, 500395711839, testhost.dll, TestRequestHandler.OnMessageReceived: received message: (TestSession.Terminate) -> {"MessageType":"TestSession.Terminate","Payload":null}
TpTrace Information: 0 : 212, 5, 2023/08/19, 13:05:44.535, 500395712440, testhost.dll, Session End message received from server. Closing the connection.
TpTrace Information: 0 : 212, 5, 2023/08/19, 13:05:44.536, 500395716321, testhost.dll, SocketClient.Stop: Stop communication from server endpoint: 127.0.0.1:057608
TpTrace Information: 0 : 212, 5, 2023/08/19, 13:05:44.536, 500395717112, testhost.dll, SocketClient: Stop: Cancellation requested. Stopping message loop.
TpTrace Verbose: 0 : 212, 5, 2023/08/19, 13:05:44.536, 500395719718, testhost.dll, LengthPrefixCommunicationChannel.Dispose: Dispose reader and writer.
TpTrace Information: 0 : 212, 5, 2023/08/19, 13:05:44.536, 500395720418, testhost.dll, Closing the connection !
TpTrace Verbose: 0 : 212, 5, 2023/08/19, 13:05:44.536, 500395720913, testhost.dll, MulticastDelegateUtilities.SafeInvoke: LengthPrefixCommunicationChannel: MessageReceived: Invoking callback 1/1 for Microsoft.VisualStudio.TestPlatform.CommunicationUtilities.TestRequestHandler.OnMessageReceived, took 0 ms.
TpTrace Information: 0 : 212, 5, 2023/08/19, 13:05:44.536, 500395723458, testhost.dll, SocketClient.PrivateStop: Stop communication from server endpoint: 127.0.0.1:057608, error:
TpTrace Verbose: 0 : 212, 5, 2023/08/19, 13:05:44.537, 500395725207, testhost.dll, LengthPrefixCommunicationChannel.Dispose: Dispose reader and writer.
TpTrace Information: 0 : 212, 1, 2023/08/19, 13:05:44.537, 500395725302, testhost.dll, Closing the connection!
TpTrace Information: 0 : 212, 1, 2023/08/19, 13:05:44.537, 500395726776, testhost.dll, SocketClient.Stop: Stop communication from server endpoint: 127.0.0.1:057608
TpTrace Verbose: 0 : 212, 1, 2023/08/19, 13:05:44.537, 500395727224, testhost.dll, LengthPrefixCommunicationChannel.Dispose: Dispose reader and writer.
TpTrace Verbose: 0 : 212, 5, 2023/08/19, 13:05:44.537, 500395725861, testhost.dll, TcpClientExtensions.MessageLoopAsync: exiting MessageLoopAsync remoteEndPoint: [::ffff:127.0.0.1]:57608 localEndPoint: [::ffff:127.0.0.1]:57609
TpTrace Information: 0 : 212, 1, 2023/08/19, 13:05:44.537, 500395728185, testhost.dll, Testhost process exiting.
