TpTrace Verbose: 0 : 11700, 1, 2023/08/19, 12:38:07.812, 483828483185, datacollector.dll, Version: 17.4.0-release-20221019-01
TpTrace Information: 0 : 11700, 1, 2023/08/19, 12:38:07.820, 483828559589, datacollector.dll, DataCollectorMain.Run: Starting data collector run with args: --port,56493,--parentprocessid,20284,--diag,C:\Users\Shakhriyor_Toylokov\source\repos\UnitTesting\FizzBuzzTests\bin\Debug\netcoreapp3.1\fine-code-coverage\coverage-tool-output\diagnostics.datacollector.23-08-19_12-38-07_61982_1.log,--tracelevel,4
TpTrace Information: 0 : 11700, 1, 2023/08/19, 12:38:07.821, 483828564869, datacollector.dll, DataCollector: Monitoring parent process with id: '20284'
TpTrace Information: 0 : 11700, 1, 2023/08/19, 12:38:07.828, 483828644451, datacollector.dll, Trying to connect to server on socket : 127.0.0.1:56493 
TpTrace Verbose: 0 : 11700, 1, 2023/08/19, 12:38:07.850, 483828862713, datacollector.dll, SocketCommunicationManager : SetupClientAsync : Attempting to connect to the server.
TpTrace Information: 0 : 11700, 8, 2023/08/19, 12:38:07.865, 483829006521, datacollector.dll, Connected to the server successfully 
TpTrace Information: 0 : 11700, 8, 2023/08/19, 12:38:07.865, 483829007926, datacollector.dll, Using the buffer size of 16384 bytes
TpTrace Information: 0 : 11700, 1, 2023/08/19, 12:38:07.984, 483830202853, datacollector.dll, DataCollector: Start Request Processing.
TpTrace Verbose: 0 : 11700, 1, 2023/08/19, 12:38:07.985, 483830207394, datacollector.dll, SocketCommunicationManager.WaitForServerConnection took: 0 ms, with 90000 ms timeout, and finished with True.
TpTrace Information: 0 : 11700, 1, 2023/08/19, 12:38:07.985, 483830213768, datacollector.dll, DataCollectionRequestHandler.ProcessRequests: Datacollector received message: (DataCollection.BeforeTestRunStart) -> {"MessageType":"DataCollection.BeforeTestRunStart","Payload":{"SettingsXml":"<RunSettings><RunConfiguration><ResultsDirectory>C:\\Users\\Shakhriyor_Toylokov\\source\\repos\\UnitTesting\\FizzBuzzTests\\bin\\Debug\\netcoreapp3.1\\fine-code-coverage\\coverage-tool-output</ResultsDirectory><TargetPlatform>X64</TargetPlatform><TargetFrameworkVersion>.NETCoreApp,Version=v3.1</TargetFrameworkVersion><DesignMode>False</DesignMode><CollectSourceInformation>False</CollectSourceInformation><TestAdaptersPaths>C:\\Program Files\\dotnet\\sdk\\7.0.100\\Extensions</TestAdaptersPaths></RunConfiguration><LoggerRunSettings><Loggers><Logger friendlyName=\"blame\" enabled=\"True\" /><Logger friendlyName=\"Console\" uri=\"logger://microsoft/TestPlatform/ConsoleLogger/v1\" assemblyQualifiedName=\"Microsoft.VisualStudio.TestPlatform.CommandLine.Internal.ConsoleLogger, vstest.console, Version=15.0.0.0, Culture=neutral, PublicKeyToken=b03f5f7f11d50a3a\" codeBase=\"C:\\Program Files\\dotnet\\sdk\\7.0.100\\vstest.console.dll\" enabled=\"True\" /></Loggers></LoggerRunSettings><DataCollectionRunSettings><DataCollectors><DataCollector friendlyName=\"blame\" enabled=\"True\"><Configuration><ResultsDirectory>C:\\Users\\Shakhriyor_Toylokov\\source\\repos\\UnitTesting\\FizzBuzzTests\\bin\\Debug\\netcoreapp3.1\\fine-code-coverage\\coverage-tool-output</ResultsDirectory></Configuration></DataCollector></DataCollectors></DataCollectionRunSettings></RunSettings>","Sources":["C:\\Users\\Shakhriyor_Toylokov\\source\\repos\\UnitTesting\\FizzBuzzTests\\bin\\Debug\\netcoreapp3.1\\fine-code-coverage\\build-output\\FizzBuzzTests.dll"],"IsTelemetryOptedIn":false}}
TpTrace Verbose: 0 : 11700, 1, 2023/08/19, 12:38:08.033, 483830691633, datacollector.dll, TestPluginCache: Update extensions started. Skip filter = False
TpTrace Verbose: 0 : 11700, 1, 2023/08/19, 12:38:08.034, 483830701603, datacollector.dll, TestPluginCache: Using directories for assembly resolution 'C:\Program Files\dotnet\sdk\7.0.100\Extensions'.
TpTrace Verbose: 0 : 11700, 1, 2023/08/19, 12:38:08.034, 483830702712, datacollector.dll, TestPluginCache: Updated the available extensions to 'C:\Program Files\dotnet\sdk\7.0.100\Extensions\Microsoft.TestPlatform.Extensions.BlameDataCollector.dll,C:\Program Files\dotnet\sdk\7.0.100\Extensions\Microsoft.TestPlatform.Extensions.EventLogCollector.dll'.
TpTrace Verbose: 0 : 11700, 1, 2023/08/19, 12:38:08.043, 483830793926, datacollector.dll, TestPluginCache.DiscoverTestExtensions: finding test extensions in assemblies ends with: Collector.dll TPluginInfo: Microsoft.VisualStudio.TestPlatform.Common.DataCollector.DataCollectorConfig TExtension: Microsoft.VisualStudio.TestPlatform.ObjectModel.DataCollection.DataCollector
TpTrace Verbose: 0 : 11700, 1, 2023/08/19, 12:38:08.044, 483830795791, datacollector.dll, TestPluginCache.GetExtensionPaths: Filtered extension paths: C:\Program Files\dotnet\sdk\7.0.100\Extensions\Microsoft.TestPlatform.Extensions.BlameDataCollector.dll
C:\Program Files\dotnet\sdk\7.0.100\Extensions\Microsoft.TestPlatform.Extensions.EventLogCollector.dll
TpTrace Verbose: 0 : 11700, 1, 2023/08/19, 12:38:08.044, 483830796207, datacollector.dll, TestPluginCache.GetExtensionPaths: Added default extension paths: 
TpTrace Verbose: 0 : 11700, 1, 2023/08/19, 12:38:08.044, 483830796491, datacollector.dll, TestPluginCache.GetExtensionPaths: Added unfilterableExtensionPaths: 
TpTrace Information: 0 : 11700, 1, 2023/08/19, 12:38:08.044, 483830802873, datacollector.dll, AssemblyResolver.ctor: Creating AssemblyResolver with searchDirectories C:\Program Files\dotnet\sdk\7.0.100\Extensions,C:\Program Files\dotnet\sdk\7.0.100
TpTrace Verbose: 0 : 11700, 1, 2023/08/19, 12:38:08.045, 483830813307, datacollector.dll, TestPluginCache.DiscoverTestExtensions: Discovering the extensions using extension path.
TpTrace Verbose: 0 : 11700, 1, 2023/08/19, 12:38:08.046, 483830815015, datacollector.dll, TestPluginCache.GetExtensionPaths: Filtered extension paths: C:\Program Files\dotnet\sdk\7.0.100\Extensions\Microsoft.TestPlatform.Extensions.BlameDataCollector.dll
C:\Program Files\dotnet\sdk\7.0.100\Extensions\Microsoft.TestPlatform.Extensions.EventLogCollector.dll
TpTrace Verbose: 0 : 11700, 1, 2023/08/19, 12:38:08.046, 483830815438, datacollector.dll, TestPluginCache.GetExtensionPaths: Added default extension paths: 
TpTrace Verbose: 0 : 11700, 1, 2023/08/19, 12:38:08.046, 483830815721, datacollector.dll, TestPluginCache.GetExtensionPaths: Added unfilterableExtensionPaths: 
TpTrace Verbose: 0 : 11700, 1, 2023/08/19, 12:38:08.046, 483830816156, datacollector.dll, TestPluginCache.DiscoverTestExtensions: Discovering the extensions using allExtensionPaths: C:\Program Files\dotnet\sdk\7.0.100\Extensions\Microsoft.TestPlatform.Extensions.BlameDataCollector.dll
C:\Program Files\dotnet\sdk\7.0.100\Extensions\Microsoft.TestPlatform.Extensions.EventLogCollector.dll
TpTrace Information: 0 : 11700, 1, 2023/08/19, 12:38:08.046, 483830816856, datacollector.dll, AssemblyResolver.AddSearchDirectories: Adding more searchDirectories C:\Program Files\dotnet\sdk\7.0.100\Extensions,C:\Program Files\dotnet\sdk\7.0.100
TpTrace Information: 0 : 11700, 1, 2023/08/19, 12:38:08.046, 483830817272, datacollector.dll, AssemblyResolver.AddSearchDirectories: Adding more searchDirectories C:\Program Files\dotnet\sdk\7.0.100\Extensions,C:\Program Files\dotnet\sdk\7.0.100
TpTrace Information: 0 : 11700, 1, 2023/08/19, 12:38:08.046, 483830821241, datacollector.dll, AssemblyResolver.OnResolve: Microsoft.TestPlatform.Extensions.BlameDataCollector: Resolving assembly.
TpTrace Information: 0 : 11700, 1, 2023/08/19, 12:38:08.046, 483830821870, datacollector.dll, AssemblyResolver.OnResolve: Microsoft.TestPlatform.Extensions.BlameDataCollector: Searching in: 'C:\Program Files\dotnet\sdk\7.0.100\Extensions'.
TpTrace Information: 0 : 11700, 1, 2023/08/19, 12:38:08.055, 483830909311, datacollector.dll, AssemblyResolver.OnResolve: Microsoft.TestPlatform.Extensions.BlameDataCollector: Loading assembly 'C:\Program Files\dotnet\sdk\7.0.100\Extensions\Microsoft.TestPlatform.Extensions.BlameDataCollector.dll'.
TpTrace Information: 0 : 11700, 1, 2023/08/19, 12:38:08.056, 483830915746, datacollector.dll, AssemblyResolver.OnResolve: Resolved assembly: Microsoft.TestPlatform.Extensions.BlameDataCollector, from path: C:\Program Files\dotnet\sdk\7.0.100\Extensions\Microsoft.TestPlatform.Extensions.BlameDataCollector.dll
TpTrace Verbose: 0 : 11700, 1, 2023/08/19, 12:38:08.058, 483830935582, datacollector.dll, MetadataReaderExtensionsHelper: Discovering extensions inside assembly 'Microsoft.TestPlatform.Extensions.BlameDataCollector, Version=15.0.0.0, Culture=neutral, PublicKeyToken=b03f5f7f11d50a3a' file path 'C:\Program Files\dotnet\sdk\7.0.100\Extensions\Microsoft.TestPlatform.Extensions.BlameDataCollector.dll'
TpTrace Error: 0 : 11700, 1, 2023/08/19, 12:38:08.062, 483830974497, datacollector.dll, The type "Microsoft.TestPlatform.Extensions.BlameDataCollector.BlameCollector" defined in "Microsoft.TestPlatform.Extensions.BlameDataCollector.dll" does not have ExtensionUri attribute.
TpTrace Information: 0 : 11700, 1, 2023/08/19, 12:38:08.062, 483830982623, datacollector.dll, GetTestExtensionFromType: Register extension with identifier data 'datacollector://microsoft/TestPlatform/Extensions/Blame/v1' and type 'Microsoft.TestPlatform.Extensions.BlameDataCollector.BlameCollector, Microsoft.TestPlatform.Extensions.BlameDataCollector, Version=15.0.0.0, Culture=neutral, PublicKeyToken=b03f5f7f11d50a3a' inside file 'C:\Program Files\dotnet\sdk\7.0.100\Extensions\Microsoft.TestPlatform.Extensions.BlameDataCollector.dll'
TpTrace Information: 0 : 11700, 1, 2023/08/19, 12:38:08.062, 483830983857, datacollector.dll, AssemblyResolver.OnResolve: Microsoft.TestPlatform.Extensions.EventLogCollector: Resolving assembly.
TpTrace Information: 0 : 11700, 1, 2023/08/19, 12:38:08.062, 483830984253, datacollector.dll, AssemblyResolver.OnResolve: Microsoft.TestPlatform.Extensions.EventLogCollector: Searching in: 'C:\Program Files\dotnet\sdk\7.0.100\Extensions'.
TpTrace Information: 0 : 11700, 1, 2023/08/19, 12:38:08.063, 483830988775, datacollector.dll, AssemblyResolver.OnResolve: Microsoft.TestPlatform.Extensions.EventLogCollector: Loading assembly 'C:\Program Files\dotnet\sdk\7.0.100\Extensions\Microsoft.TestPlatform.Extensions.EventLogCollector.dll'.
TpTrace Information: 0 : 11700, 1, 2023/08/19, 12:38:08.064, 483830997745, datacollector.dll, AssemblyResolver.OnResolve: Resolved assembly: Microsoft.TestPlatform.Extensions.EventLogCollector, from path: C:\Program Files\dotnet\sdk\7.0.100\Extensions\Microsoft.TestPlatform.Extensions.EventLogCollector.dll
TpTrace Verbose: 0 : 11700, 1, 2023/08/19, 12:38:08.064, 483830998662, datacollector.dll, MetadataReaderExtensionsHelper: Discovering extensions inside assembly 'Microsoft.TestPlatform.Extensions.EventLogCollector, Version=15.0.0.0, Culture=neutral, PublicKeyToken=b03f5f7f11d50a3a' file path 'C:\Program Files\dotnet\sdk\7.0.100\Extensions\Microsoft.TestPlatform.Extensions.EventLogCollector.dll'
TpTrace Error: 0 : 11700, 1, 2023/08/19, 12:38:08.066, 483831023826, datacollector.dll, The type "Microsoft.TestPlatform.Extensions.EventLogCollector.EventLogDataCollector" defined in "Microsoft.TestPlatform.Extensions.EventLogCollector.dll" does not have ExtensionUri attribute.
TpTrace Information: 0 : 11700, 1, 2023/08/19, 12:38:08.067, 483831025971, datacollector.dll, GetTestExtensionFromType: Register extension with identifier data 'datacollector://microsoft/EventLog/2.0' and type 'Microsoft.TestPlatform.Extensions.EventLogCollector.EventLogDataCollector, Microsoft.TestPlatform.Extensions.EventLogCollector, Version=15.0.0.0, Culture=neutral, PublicKeyToken=b03f5f7f11d50a3a' inside file 'C:\Program Files\dotnet\sdk\7.0.100\Extensions\Microsoft.TestPlatform.Extensions.EventLogCollector.dll'
TpTrace Verbose: 0 : 11700, 1, 2023/08/19, 12:38:08.067, 483831029956, datacollector.dll, TestPluginCache: Discovered the extensions using extension path 'C:\Program Files\dotnet\sdk\7.0.100\Extensions\Microsoft.TestPlatform.Extensions.BlameDataCollector.dll,C:\Program Files\dotnet\sdk\7.0.100\Extensions\Microsoft.TestPlatform.Extensions.EventLogCollector.dll'.
TpTrace Verbose: 0 : 11700, 1, 2023/08/19, 12:38:08.067, 483831030753, datacollector.dll, TestPluginCache: Discoverers are ''.
TpTrace Verbose: 0 : 11700, 1, 2023/08/19, 12:38:08.067, 483831031235, datacollector.dll, TestPluginCache: Executors are ''.
TpTrace Verbose: 0 : 11700, 1, 2023/08/19, 12:38:08.067, 483831031767, datacollector.dll, TestPluginCache: Executors2 are ''.
TpTrace Verbose: 0 : 11700, 1, 2023/08/19, 12:38:08.067, 483831032220, datacollector.dll, TestPluginCache: Setting providers are ''.
TpTrace Verbose: 0 : 11700, 1, 2023/08/19, 12:38:08.067, 483831032645, datacollector.dll, TestPluginCache: Loggers are ''.
TpTrace Verbose: 0 : 11700, 1, 2023/08/19, 12:38:08.067, 483831033090, datacollector.dll, TestPluginCache: TestHosts are ''.
TpTrace Verbose: 0 : 11700, 1, 2023/08/19, 12:38:08.068, 483831035984, datacollector.dll, TestPluginCache: DataCollectors are 'datacollector://microsoft/TestPlatform/Extensions/Blame/v1,datacollector://microsoft/EventLog/2.0'.
TpTrace Information: 0 : 11700, 1, 2023/08/19, 12:38:08.069, 483831050511, datacollector.dll, TestPluginManager.CreateTestExtension: Attempting to load test extension: Microsoft.TestPlatform.Extensions.BlameDataCollector.BlameCollector
TpTrace Verbose: 0 : 11700, 1, 2023/08/19, 12:38:08.076, 483831121988, datacollector.dll, MulticastDelegateUtilities.SafeInvoke: DataCollectionEvents.SessionStart: Invoking callbacks was skipped because there are no subscribers.
TpTrace Information: 0 : 11700, 1, 2023/08/19, 12:38:08.077, 483831129458, datacollector.dll, Listening on Endpoint : 127.0.0.1:56495
TpTrace Information: 0 : 11700, 1, 2023/08/19, 12:38:08.087, 483831234138, datacollector.dll, DataCollectionRequestHandler.ProcessRequests : DataCollection started.
TpTrace Information: 0 : 11700, 1, 2023/08/19, 12:38:08.115, 483831506394, datacollector.dll, DataCollectionRequestHandler.ProcessRequests: Datacollector received message: (DataCollection.TestHostLaunched) -> {"MessageType":"DataCollection.TestHostLaunched","Payload":{"ProcessId":10080}}
TpTrace Verbose: 0 : 11700, 1, 2023/08/19, 12:38:08.117, 483831528931, datacollector.dll, MulticastDelegateUtilities.SafeInvoke: DataCollectionEvents.TestHostLaunched: Invoking callback 1/1 for Microsoft.TestPlatform.Extensions.BlameDataCollector.BlameCollector., took 0 ms.
TpTrace Information: 0 : 11700, 6, 2023/08/19, 12:38:08.481, 483835170081, datacollector.dll, Using the buffer size of 16384 bytes
TpTrace Verbose: 0 : 11700, 8, 2023/08/19, 12:38:08.481, 483835170570, datacollector.dll, SocketCommunicationManager.WaitForClientConnection took: 399 ms, with 90000 ms timeout, and finished with True.
TpTrace Information: 0 : 11700, 6, 2023/08/19, 12:38:08.481, 483835171704, datacollector.dll, Accepted Client request and set the flag
TpTrace Information: 0 : 11700, 8, 2023/08/19, 12:38:09.231, 483842673013, datacollector.dll, DataCollectionTestCaseEventHandler: Test case starting.
TpTrace Information: 0 : 11700, 8, 2023/08/19, 12:38:09.254, 483842895090, datacollector.dll, BlameCollector.EventsTestCaseStart: Test Case Start
TpTrace Verbose: 0 : 11700, 8, 2023/08/19, 12:38:09.254, 483842899343, datacollector.dll, MulticastDelegateUtilities.SafeInvoke: DataCollectionEvents.TestCaseStart: Invoking callback 1/1 for Microsoft.TestPlatform.Extensions.BlameDataCollector.BlameCollector., took 0 ms.
TpTrace Information: 0 : 11700, 8, 2023/08/19, 12:38:09.254, 483842903775, datacollector.dll, DataCollectionTestCaseEventHandler: Test case 'check_FizzBuzz_ReturnsCorrectStrings - bb19ef79-d5f5-e0f5-2070-bd220f27bc1a' started.
TpTrace Information: 0 : 11700, 8, 2023/08/19, 12:38:09.275, 483843113292, datacollector.dll, DataCollectionTestCaseEventHandler: Test case completing.
TpTrace Information: 0 : 11700, 8, 2023/08/19, 12:38:09.280, 483843163715, datacollector.dll, BlameCollector.EventsTestCaseEnd: Test Case End
TpTrace Verbose: 0 : 11700, 8, 2023/08/19, 12:38:09.281, 483843167269, datacollector.dll, MulticastDelegateUtilities.SafeInvoke: DataCollectionEvents.TestCaseEnd: Invoking callback 1/1 for Microsoft.TestPlatform.Extensions.BlameDataCollector.BlameCollector., took 0 ms.
TpTrace Information: 0 : 11700, 8, 2023/08/19, 12:38:09.284, 483843198285, datacollector.dll, DataCollectionTestCaseEventHandler: Test case 'check_FizzBuzz_ReturnsCorrectStrings - bb19ef79-d5f5-e0f5-2070-bd220f27bc1a' completed
TpTrace Information: 0 : 11700, 8, 2023/08/19, 12:38:09.295, 483843312970, datacollector.dll, DataCollectionTestCaseEventHandler: Test case starting.
TpTrace Information: 0 : 11700, 8, 2023/08/19, 12:38:09.297, 483843331382, datacollector.dll, BlameCollector.EventsTestCaseStart: Test Case Start
TpTrace Verbose: 0 : 11700, 8, 2023/08/19, 12:38:09.297, 483843333314, datacollector.dll, MulticastDelegateUtilities.SafeInvoke: DataCollectionEvents.TestCaseStart: Invoking callback 1/1 for Microsoft.TestPlatform.Extensions.BlameDataCollector.BlameCollector., took 0 ms.
TpTrace Information: 0 : 11700, 8, 2023/08/19, 12:38:09.298, 483843337073, datacollector.dll, DataCollectionTestCaseEventHandler: Test case 'checkFizzBuzz_ThrowsException_WhenInvalidNumberGiven - 4a1fc106-f431-74d0-0f80-2b689289dd2f' started.
TpTrace Information: 0 : 11700, 8, 2023/08/19, 12:38:09.299, 483843354166, datacollector.dll, DataCollectionTestCaseEventHandler: Test case completing.
TpTrace Information: 0 : 11700, 8, 2023/08/19, 12:38:09.301, 483843364776, datacollector.dll, BlameCollector.EventsTestCaseEnd: Test Case End
TpTrace Verbose: 0 : 11700, 8, 2023/08/19, 12:38:09.301, 483843365738, datacollector.dll, MulticastDelegateUtilities.SafeInvoke: DataCollectionEvents.TestCaseEnd: Invoking callback 1/1 for Microsoft.TestPlatform.Extensions.BlameDataCollector.BlameCollector., took 0 ms.
TpTrace Information: 0 : 11700, 8, 2023/08/19, 12:38:09.301, 483843368317, datacollector.dll, DataCollectionTestCaseEventHandler: Test case 'checkFizzBuzz_ThrowsException_WhenInvalidNumberGiven - 4a1fc106-f431-74d0-0f80-2b689289dd2f' completed
TpTrace Information: 0 : 11700, 8, 2023/08/19, 12:38:09.319, 483843554309, datacollector.dll, DataCollectionTestCaseEventHandler: Test session ended
TpTrace Information: 0 : 11700, 1, 2023/08/19, 12:38:09.424, 483844603733, datacollector.dll, DataCollectionRequestHandler.ProcessRequests: Datacollector received message: (DataCollection.AfterTestRunEnd) -> {"MessageType":"DataCollection.AfterTestRunEnd","Payload":false}
TpTrace Information: 0 : 11700, 1, 2023/08/19, 12:38:09.426, 483844617004, datacollector.dll, Blame Collector: Session End
TpTrace Information: 0 : 11700, 1, 2023/08/19, 12:38:09.426, 483844617960, datacollector.dll, BlameCollector.CollectDumpAndAbortTesthost: Custom path to dump directory was provided via VSTEST_DUMP_PATH. Skipping attachment upload, the caller is responsible for collecting and uploading the dumps themselves.
TpTrace Verbose: 0 : 11700, 1, 2023/08/19, 12:38:09.426, 483844618794, datacollector.dll, MulticastDelegateUtilities.SafeInvoke: DataCollectionEvents.SessionEnd: Invoking callback 1/1 for Microsoft.TestPlatform.Extensions.BlameDataCollector.BlameCollector., took 0 ms.
TpTrace Information: 0 : 11700, 1, 2023/08/19, 12:38:09.427, 483844628105, datacollector.dll, DataCollectionManager.CleanupPlugins: CleanupPlugins called
TpTrace Verbose: 0 : 11700, 1, 2023/08/19, 12:38:09.427, 483844628805, datacollector.dll, DataCollectionManager.CleanupPlugins: Cleaning up 1 plugins
TpTrace Verbose: 0 : 11700, 1, 2023/08/19, 12:38:09.427, 483844630838, datacollector.dll, dataCollectorInfo.DisposeDataCollector: calling Dispose() on Microsoft.TestPlatform.Extensions.BlameDataCollector.BlameCollector
TpTrace Information: 0 : 11700, 1, 2023/08/19, 12:38:09.427, 483844631698, datacollector.dll, DataCollectionManager.CleanupPlugins: CleanupPlugins finished
TpTrace Information: 0 : 11700, 1, 2023/08/19, 12:38:09.433, 483844688508, datacollector.dll, DataCollectionRequestHandler.ProcessRequests : Session End message received from server. Closing the connection.
TpTrace Information: 0 : 11700, 1, 2023/08/19, 12:38:09.433, 483844691386, datacollector.dll, Closing the connection !
TpTrace Information: 0 : 11700, 1, 2023/08/19, 12:38:09.433, 483844692517, datacollector.dll, DataCollectionRequestHandler.ProcessRequests : DataCollection completed
TpTrace Information: 0 : 11700, 1, 2023/08/19, 12:38:09.433, 483844692910, datacollector.dll, Program.Main: exiting datacollector process.
